03-Jul-2024 22:22:44.384 INFO [main] org.apache.catalina.startup.VersionLoggerListener.log Имя версии сервера:    Apache Tomcat/9.0.90
03-Jul-2024 22:22:44.388 INFO [main] org.apache.catalina.startup.VersionLoggerListener.log Сервер собран:         Jun 14 2024 14:45:13 UTC
03-Jul-2024 22:22:44.388 INFO [main] org.apache.catalina.startup.VersionLoggerListener.log Номер версии сервера:  9.0.90.0
03-Jul-2024 22:22:44.389 INFO [main] org.apache.catalina.startup.VersionLoggerListener.log OS Name:               Windows 10
03-Jul-2024 22:22:44.389 INFO [main] org.apache.catalina.startup.VersionLoggerListener.log Версия ОС:             10.0
03-Jul-2024 22:22:44.389 INFO [main] org.apache.catalina.startup.VersionLoggerListener.log Архитектура:           amd64
03-Jul-2024 22:22:44.389 INFO [main] org.apache.catalina.startup.VersionLoggerListener.log Java Home:             C:\Program Files\Java\jdk-14.0.1\jdk-14.0.1
03-Jul-2024 22:22:44.389 INFO [main] org.apache.catalina.startup.VersionLoggerListener.log Версия JVM:            14.0.1+7
03-Jul-2024 22:22:44.389 INFO [main] org.apache.catalina.startup.VersionLoggerListener.log Производитель JVM:     Oracle Corporation
03-Jul-2024 22:22:44.390 INFO [main] org.apache.catalina.startup.VersionLoggerListener.log CATALINA_BASE:         C:\Алексей\Транзит\2024\07_июль\01_июля\ТомКат\apache-tomcat-9.0.90\apache-tomcat-9.0.90
03-Jul-2024 22:22:44.390 INFO [main] org.apache.catalina.startup.VersionLoggerListener.log CATALINA_HOME:         C:\Алексей\Транзит\2024\07_июль\01_июля\ТомКат\apache-tomcat-9.0.90\apache-tomcat-9.0.90
03-Jul-2024 22:22:44.406 INFO [main] org.apache.catalina.startup.VersionLoggerListener.log Command line argument: --add-opens=java.base/java.lang=ALL-UNNAMED
03-Jul-2024 22:22:44.406 INFO [main] org.apache.catalina.startup.VersionLoggerListener.log Command line argument: --add-opens=java.base/java.io=ALL-UNNAMED
03-Jul-2024 22:22:44.406 INFO [main] org.apache.catalina.startup.VersionLoggerListener.log Command line argument: --add-opens=java.base/java.util=ALL-UNNAMED
03-Jul-2024 22:22:44.406 INFO [main] org.apache.catalina.startup.VersionLoggerListener.log Command line argument: --add-opens=java.base/java.util.concurrent=ALL-UNNAMED
03-Jul-2024 22:22:44.406 INFO [main] org.apache.catalina.startup.VersionLoggerListener.log Command line argument: --add-opens=java.rmi/sun.rmi.transport=ALL-UNNAMED
03-Jul-2024 22:22:44.407 INFO [main] org.apache.catalina.startup.VersionLoggerListener.log Command line argument: -Djava.util.logging.config.file=C:\Алексей\Транзит\2024\07_июль\01_июля\ТомКат\apache-tomcat-9.0.90\apache-tomcat-9.0.90\conf\logging.properties
03-Jul-2024 22:22:44.407 INFO [main] org.apache.catalina.startup.VersionLoggerListener.log Command line argument: -Djava.util.logging.manager=org.apache.juli.ClassLoaderLogManager
03-Jul-2024 22:22:44.407 INFO [main] org.apache.catalina.startup.VersionLoggerListener.log Command line argument: -Dhttp.nonProxyHosts=localhost|127.0.0.1|DESKTOP-TRIMQ20
03-Jul-2024 22:22:44.407 INFO [main] org.apache.catalina.startup.VersionLoggerListener.log Command line argument: -Djdk.tls.ephemeralDHKeySize=2048
03-Jul-2024 22:22:44.407 INFO [main] org.apache.catalina.startup.VersionLoggerListener.log Command line argument: -Djava.protocol.handler.pkgs=org.apache.catalina.webresources
03-Jul-2024 22:22:44.407 INFO [main] org.apache.catalina.startup.VersionLoggerListener.log Command line argument: -Dignore.endorsed.dirs=
03-Jul-2024 22:22:44.408 INFO [main] org.apache.catalina.startup.VersionLoggerListener.log Command line argument: -Dcatalina.base=C:\Алексей\Транзит\2024\07_июль\01_июля\ТомКат\apache-tomcat-9.0.90\apache-tomcat-9.0.90
03-Jul-2024 22:22:44.408 INFO [main] org.apache.catalina.startup.VersionLoggerListener.log Command line argument: -Dcatalina.home=C:\Алексей\Транзит\2024\07_июль\01_июля\ТомКат\apache-tomcat-9.0.90\apache-tomcat-9.0.90
03-Jul-2024 22:22:44.417 INFO [main] org.apache.catalina.startup.VersionLoggerListener.log Command line argument: -Djava.io.tmpdir=C:\Алексей\Транзит\2024\07_июль\01_июля\ТомКат\apache-tomcat-9.0.90\apache-tomcat-9.0.90\temp
03-Jul-2024 22:22:44.426 INFO [main] org.apache.catalina.core.AprLifecycleListener.lifecycleEvent The Apache Tomcat Native library which allows using OpenSSL was not found on the java.library.path: [C:\Program Files\Java\jdk-14.0.1\jdk-14.0.1\bin;C:\Windows\Sun\Java\bin;C:\Windows\system32;C:\Windows;C:\Program Files\Common Files\Oracle\Java\javapath;C:\Windows\system32;C:\Windows;C:\Windows\System32\Wbem;C:\Windows\System32\WindowsPowerShell\v1.0\;C:\Windows\System32\OpenSSH\;C:\Program Files\Java\jdk-20\bin;C:\Program Files\MySQL\MySQL Shell 8.0\bin\;C:\Users\user\AppData\Local\Microsoft\WindowsApps;;C:\Program Files\JetBrains\IntelliJ IDEA 2023.1.1\bin;;C:\Program Files\JetBrains\PyCharm 2023.1.2\bin;;C:\Program Files\JetBrains\PhpStorm 2023.3.2\bin;;.]
03-Jul-2024 22:22:44.745 INFO [main] org.apache.coyote.AbstractProtocol.init Инициализация ProtocolHandler ["http-nio-8080"]
03-Jul-2024 22:22:44.772 INFO [main] org.apache.catalina.startup.Catalina.load Server initialization in [659] milliseconds
03-Jul-2024 22:22:44.830 INFO [main] org.apache.catalina.core.StandardService.startInternal Starting service [Catalina]
03-Jul-2024 22:22:44.830 INFO [main] org.apache.catalina.core.StandardEngine.startInternal Starting Servlet engine: [Apache Tomcat/9.0.90]
03-Jul-2024 22:22:44.843 INFO [main] org.apache.catalina.startup.HostConfig.deployDirectory Установка веб приложения в папку [C:\Алексей\Транзит\2024\07_июль\01_июля\ТомКат\apache-tomcat-9.0.90\apache-tomcat-9.0.90\webapps\docs]
03-Jul-2024 22:22:45.246 INFO [main] org.apache.catalina.startup.HostConfig.deployDirectory Deployment of web application directory [C:\Алексей\Транзит\2024\07_июль\01_июля\ТомКат\apache-tomcat-9.0.90\apache-tomcat-9.0.90\webapps\docs] has finished in [401] ms
03-Jul-2024 22:22:45.247 INFO [main] org.apache.catalina.startup.HostConfig.deployDirectory Установка веб приложения в папку [C:\Алексей\Транзит\2024\07_июль\01_июля\ТомКат\apache-tomcat-9.0.90\apache-tomcat-9.0.90\webapps\examples]
03-Jul-2024 22:22:46.211 INFO [main] org.apache.catalina.startup.HostConfig.deployDirectory Deployment of web application directory [C:\Алексей\Транзит\2024\07_июль\01_июля\ТомКат\apache-tomcat-9.0.90\apache-tomcat-9.0.90\webapps\examples] has finished in [964] ms
03-Jul-2024 22:22:46.211 INFO [main] org.apache.catalina.startup.HostConfig.deployDirectory Установка веб приложения в папку [C:\Алексей\Транзит\2024\07_июль\01_июля\ТомКат\apache-tomcat-9.0.90\apache-tomcat-9.0.90\webapps\host-manager]
03-Jul-2024 22:22:46.276 INFO [main] org.apache.catalina.startup.HostConfig.deployDirectory Deployment of web application directory [C:\Алексей\Транзит\2024\07_июль\01_июля\ТомКат\apache-tomcat-9.0.90\apache-tomcat-9.0.90\webapps\host-manager] has finished in [64] ms
03-Jul-2024 22:22:46.276 INFO [main] org.apache.catalina.startup.HostConfig.deployDirectory Установка веб приложения в папку [C:\Алексей\Транзит\2024\07_июль\01_июля\ТомКат\apache-tomcat-9.0.90\apache-tomcat-9.0.90\webapps\manager]
03-Jul-2024 22:22:46.337 INFO [main] org.apache.catalina.startup.HostConfig.deployDirectory Deployment of web application directory [C:\Алексей\Транзит\2024\07_июль\01_июля\ТомКат\apache-tomcat-9.0.90\apache-tomcat-9.0.90\webapps\manager] has finished in [60] ms
03-Jul-2024 22:22:46.337 INFO [main] org.apache.catalina.startup.HostConfig.deployDirectory Установка веб приложения в папку [C:\Алексей\Транзит\2024\07_июль\01_июля\ТомКат\apache-tomcat-9.0.90\apache-tomcat-9.0.90\webapps\ROOT]
03-Jul-2024 22:22:46.375 INFO [main] org.apache.catalina.startup.HostConfig.deployDirectory Deployment of web application directory [C:\Алексей\Транзит\2024\07_июль\01_июля\ТомКат\apache-tomcat-9.0.90\apache-tomcat-9.0.90\webapps\ROOT] has finished in [38] ms
03-Jul-2024 22:22:46.381 INFO [main] org.apache.coyote.AbstractProtocol.start Starting ProtocolHandler ["http-nio-8080"]
03-Jul-2024 22:22:46.432 INFO [main] org.apache.catalina.startup.Catalina.start Server startup in [1660] milliseconds
03-Jul-2024 22:26:28.979 INFO [main] org.apache.catalina.core.StandardServer.await A valid shutdown command was received via the shutdown port. Stopping the Server instance.
03-Jul-2024 22:26:28.980 INFO [main] org.apache.coyote.AbstractProtocol.pause Pausing ProtocolHandler ["http-nio-8080"]
03-Jul-2024 22:26:28.997 INFO [main] org.apache.catalina.core.StandardService.stopInternal Stopping service [Catalina]
03-Jul-2024 22:26:29.027 INFO [main] org.apache.coyote.AbstractProtocol.stop Stopping ProtocolHandler ["http-nio-8080"]
03-Jul-2024 22:26:29.032 INFO [main] org.apache.coyote.AbstractProtocol.destroy Destroying ProtocolHandler ["http-nio-8080"]
03-Jul-2024 22:26:32.350 INFO [main] org.apache.catalina.startup.VersionLoggerListener.log Имя версии сервера:    Apache Tomcat/9.0.90
03-Jul-2024 22:26:32.354 INFO [main] org.apache.catalina.startup.VersionLoggerListener.log Сервер собран:         Jun 14 2024 14:45:13 UTC
03-Jul-2024 22:26:32.354 INFO [main] org.apache.catalina.startup.VersionLoggerListener.log Номер версии сервера:  9.0.90.0
03-Jul-2024 22:26:32.354 INFO [main] org.apache.catalina.startup.VersionLoggerListener.log OS Name:               Windows 10
03-Jul-2024 22:26:32.355 INFO [main] org.apache.catalina.startup.VersionLoggerListener.log Версия ОС:             10.0
03-Jul-2024 22:26:32.355 INFO [main] org.apache.catalina.startup.VersionLoggerListener.log Архитектура:           amd64
03-Jul-2024 22:26:32.355 INFO [main] org.apache.catalina.startup.VersionLoggerListener.log Java Home:             C:\Program Files\Java\jdk-14.0.1\jdk-14.0.1
03-Jul-2024 22:26:32.355 INFO [main] org.apache.catalina.startup.VersionLoggerListener.log Версия JVM:            14.0.1+7
03-Jul-2024 22:26:32.355 INFO [main] org.apache.catalina.startup.VersionLoggerListener.log Производитель JVM:     Oracle Corporation
03-Jul-2024 22:26:32.355 INFO [main] org.apache.catalina.startup.VersionLoggerListener.log CATALINA_BASE:         C:\Алексей\Транзит\2024\07_июль\01_июля\ТомКат\apache-tomcat-9.0.90\apache-tomcat-9.0.90
03-Jul-2024 22:26:32.356 INFO [main] org.apache.catalina.startup.VersionLoggerListener.log CATALINA_HOME:         C:\Алексей\Транзит\2024\07_июль\01_июля\ТомКат\apache-tomcat-9.0.90\apache-tomcat-9.0.90
03-Jul-2024 22:26:32.373 INFO [main] org.apache.catalina.startup.VersionLoggerListener.log Command line argument: --add-opens=java.base/java.lang=ALL-UNNAMED
03-Jul-2024 22:26:32.373 INFO [main] org.apache.catalina.startup.VersionLoggerListener.log Command line argument: --add-opens=java.base/java.io=ALL-UNNAMED
03-Jul-2024 22:26:32.373 INFO [main] org.apache.catalina.startup.VersionLoggerListener.log Command line argument: --add-opens=java.base/java.util=ALL-UNNAMED
03-Jul-2024 22:26:32.373 INFO [main] org.apache.catalina.startup.VersionLoggerListener.log Command line argument: --add-opens=java.base/java.util.concurrent=ALL-UNNAMED
03-Jul-2024 22:26:32.373 INFO [main] org.apache.catalina.startup.VersionLoggerListener.log Command line argument: --add-opens=java.rmi/sun.rmi.transport=ALL-UNNAMED
03-Jul-2024 22:26:32.374 INFO [main] org.apache.catalina.startup.VersionLoggerListener.log Command line argument: -Djava.util.logging.config.file=C:\Алексей\Транзит\2024\07_июль\01_июля\ТомКат\apache-tomcat-9.0.90\apache-tomcat-9.0.90\conf\logging.properties
03-Jul-2024 22:26:32.374 INFO [main] org.apache.catalina.startup.VersionLoggerListener.log Command line argument: -Djava.util.logging.manager=org.apache.juli.ClassLoaderLogManager
03-Jul-2024 22:26:32.374 INFO [main] org.apache.catalina.startup.VersionLoggerListener.log Command line argument: -Dhttp.nonProxyHosts=localhost|127.0.0.1|DESKTOP-TRIMQ20
03-Jul-2024 22:26:32.374 INFO [main] org.apache.catalina.startup.VersionLoggerListener.log Command line argument: -Djdk.tls.ephemeralDHKeySize=2048
03-Jul-2024 22:26:32.374 INFO [main] org.apache.catalina.startup.VersionLoggerListener.log Command line argument: -Djava.protocol.handler.pkgs=org.apache.catalina.webresources
03-Jul-2024 22:26:32.375 INFO [main] org.apache.catalina.startup.VersionLoggerListener.log Command line argument: -Dignore.endorsed.dirs=
03-Jul-2024 22:26:32.375 INFO [main] org.apache.catalina.startup.VersionLoggerListener.log Command line argument: -Dcatalina.base=C:\Алексей\Транзит\2024\07_июль\01_июля\ТомКат\apache-tomcat-9.0.90\apache-tomcat-9.0.90
03-Jul-2024 22:26:32.375 INFO [main] org.apache.catalina.startup.VersionLoggerListener.log Command line argument: -Dcatalina.home=C:\Алексей\Транзит\2024\07_июль\01_июля\ТомКат\apache-tomcat-9.0.90\apache-tomcat-9.0.90
03-Jul-2024 22:26:32.375 INFO [main] org.apache.catalina.startup.VersionLoggerListener.log Command line argument: -Djava.io.tmpdir=C:\Алексей\Транзит\2024\07_июль\01_июля\ТомКат\apache-tomcat-9.0.90\apache-tomcat-9.0.90\temp
03-Jul-2024 22:26:32.385 INFO [main] org.apache.catalina.core.AprLifecycleListener.lifecycleEvent The Apache Tomcat Native library which allows using OpenSSL was not found on the java.library.path: [C:\Program Files\Java\jdk-14.0.1\jdk-14.0.1\bin;C:\Windows\Sun\Java\bin;C:\Windows\system32;C:\Windows;C:\Program Files\Common Files\Oracle\Java\javapath;C:\Windows\system32;C:\Windows;C:\Windows\System32\Wbem;C:\Windows\System32\WindowsPowerShell\v1.0\;C:\Windows\System32\OpenSSH\;C:\Program Files\Java\jdk-20\bin;C:\Program Files\MySQL\MySQL Shell 8.0\bin\;C:\Users\user\AppData\Local\Microsoft\WindowsApps;;C:\Program Files\JetBrains\IntelliJ IDEA 2023.1.1\bin;;C:\Program Files\JetBrains\PyCharm 2023.1.2\bin;;C:\Program Files\JetBrains\PhpStorm 2023.3.2\bin;;.]
03-Jul-2024 22:26:32.747 INFO [main] org.apache.coyote.AbstractProtocol.init Инициализация ProtocolHandler ["http-nio-8080"]
03-Jul-2024 22:26:32.785 INFO [main] org.apache.catalina.startup.Catalina.load Server initialization in [681] milliseconds
03-Jul-2024 22:26:32.855 INFO [main] org.apache.catalina.core.StandardService.startInternal Starting service [Catalina]
03-Jul-2024 22:26:32.856 INFO [main] org.apache.catalina.core.StandardEngine.startInternal Starting Servlet engine: [Apache Tomcat/9.0.90]
03-Jul-2024 22:26:32.868 INFO [main] org.apache.catalina.startup.HostConfig.deployDirectory Установка веб приложения в папку [C:\Алексей\Транзит\2024\07_июль\01_июля\ТомКат\apache-tomcat-9.0.90\apache-tomcat-9.0.90\webapps\docs]
03-Jul-2024 22:26:33.242 INFO [main] org.apache.catalina.startup.HostConfig.deployDirectory Deployment of web application directory [C:\Алексей\Транзит\2024\07_июль\01_июля\ТомКат\apache-tomcat-9.0.90\apache-tomcat-9.0.90\webapps\docs] has finished in [371] ms
03-Jul-2024 22:26:33.242 INFO [main] org.apache.catalina.startup.HostConfig.deployDirectory Установка веб приложения в папку [C:\Алексей\Транзит\2024\07_июль\01_июля\ТомКат\apache-tomcat-9.0.90\apache-tomcat-9.0.90\webapps\examples]
03-Jul-2024 22:26:33.837 INFO [main] org.apache.catalina.startup.HostConfig.deployDirectory Deployment of web application directory [C:\Алексей\Транзит\2024\07_июль\01_июля\ТомКат\apache-tomcat-9.0.90\apache-tomcat-9.0.90\webapps\examples] has finished in [595] ms
03-Jul-2024 22:26:33.838 INFO [main] org.apache.catalina.startup.HostConfig.deployDirectory Установка веб приложения в папку [C:\Алексей\Транзит\2024\07_июль\01_июля\ТомКат\apache-tomcat-9.0.90\apache-tomcat-9.0.90\webapps\host-manager]
03-Jul-2024 22:26:33.891 INFO [main] org.apache.catalina.startup.HostConfig.deployDirectory Deployment of web application directory [C:\Алексей\Транзит\2024\07_июль\01_июля\ТомКат\apache-tomcat-9.0.90\apache-tomcat-9.0.90\webapps\host-manager] has finished in [53] ms
03-Jul-2024 22:26:33.891 INFO [main] org.apache.catalina.startup.HostConfig.deployDirectory Установка веб приложения в папку [C:\Алексей\Транзит\2024\07_июль\01_июля\ТомКат\apache-tomcat-9.0.90\apache-tomcat-9.0.90\webapps\manager]
03-Jul-2024 22:26:33.943 INFO [main] org.apache.catalina.startup.HostConfig.deployDirectory Deployment of web application directory [C:\Алексей\Транзит\2024\07_июль\01_июля\ТомКат\apache-tomcat-9.0.90\apache-tomcat-9.0.90\webapps\manager] has finished in [52] ms
03-Jul-2024 22:26:33.944 INFO [main] org.apache.catalina.startup.HostConfig.deployDirectory Установка веб приложения в папку [C:\Алексей\Транзит\2024\07_июль\01_июля\ТомКат\apache-tomcat-9.0.90\apache-tomcat-9.0.90\webapps\ROOT]
03-Jul-2024 22:26:33.978 INFO [main] org.apache.catalina.startup.HostConfig.deployDirectory Deployment of web application directory [C:\Алексей\Транзит\2024\07_июль\01_июля\ТомКат\apache-tomcat-9.0.90\apache-tomcat-9.0.90\webapps\ROOT] has finished in [35] ms
03-Jul-2024 22:26:33.984 INFO [main] org.apache.coyote.AbstractProtocol.start Starting ProtocolHandler ["http-nio-8080"]
03-Jul-2024 22:26:34.034 INFO [main] org.apache.catalina.startup.Catalina.start Server startup in [1248] milliseconds
03-Jul-2024 22:33:57.224 INFO [main] org.apache.catalina.core.StandardServer.await A valid shutdown command was received via the shutdown port. Stopping the Server instance.
03-Jul-2024 22:33:57.225 INFO [main] org.apache.coyote.AbstractProtocol.pause Pausing ProtocolHandler ["http-nio-8080"]
03-Jul-2024 22:33:57.239 INFO [main] org.apache.catalina.core.StandardService.stopInternal Stopping service [Catalina]
03-Jul-2024 22:33:57.264 INFO [main] org.apache.coyote.AbstractProtocol.stop Stopping ProtocolHandler ["http-nio-8080"]
03-Jul-2024 22:33:57.278 INFO [main] org.apache.coyote.AbstractProtocol.destroy Destroying ProtocolHandler ["http-nio-8080"]
03-Jul-2024 22:34:00.644 INFO [main] org.apache.catalina.startup.VersionLoggerListener.log Имя версии сервера:    Apache Tomcat/9.0.90
03-Jul-2024 22:34:00.649 INFO [main] org.apache.catalina.startup.VersionLoggerListener.log Сервер собран:         Jun 14 2024 14:45:13 UTC
03-Jul-2024 22:34:00.649 INFO [main] org.apache.catalina.startup.VersionLoggerListener.log Номер версии сервера:  9.0.90.0
03-Jul-2024 22:34:00.649 INFO [main] org.apache.catalina.startup.VersionLoggerListener.log OS Name:               Windows 10
03-Jul-2024 22:34:00.649 INFO [main] org.apache.catalina.startup.VersionLoggerListener.log Версия ОС:             10.0
03-Jul-2024 22:34:00.649 INFO [main] org.apache.catalina.startup.VersionLoggerListener.log Архитектура:           amd64
03-Jul-2024 22:34:00.649 INFO [main] org.apache.catalina.startup.VersionLoggerListener.log Java Home:             C:\Program Files\Java\jdk-14.0.1\jdk-14.0.1
03-Jul-2024 22:34:00.649 INFO [main] org.apache.catalina.startup.VersionLoggerListener.log Версия JVM:            14.0.1+7
03-Jul-2024 22:34:00.650 INFO [main] org.apache.catalina.startup.VersionLoggerListener.log Производитель JVM:     Oracle Corporation
03-Jul-2024 22:34:00.650 INFO [main] org.apache.catalina.startup.VersionLoggerListener.log CATALINA_BASE:         C:\Алексей\Транзит\2024\07_июль\01_июля\ТомКат\apache-tomcat-9.0.90\apache-tomcat-9.0.90
03-Jul-2024 22:34:00.650 INFO [main] org.apache.catalina.startup.VersionLoggerListener.log CATALINA_HOME:         C:\Алексей\Транзит\2024\07_июль\01_июля\ТомКат\apache-tomcat-9.0.90\apache-tomcat-9.0.90
03-Jul-2024 22:34:00.662 INFO [main] org.apache.catalina.startup.VersionLoggerListener.log Command line argument: --add-opens=java.base/java.lang=ALL-UNNAMED
03-Jul-2024 22:34:00.662 INFO [main] org.apache.catalina.startup.VersionLoggerListener.log Command line argument: --add-opens=java.base/java.io=ALL-UNNAMED
03-Jul-2024 22:34:00.663 INFO [main] org.apache.catalina.startup.VersionLoggerListener.log Command line argument: --add-opens=java.base/java.util=ALL-UNNAMED
03-Jul-2024 22:34:00.663 INFO [main] org.apache.catalina.startup.VersionLoggerListener.log Command line argument: --add-opens=java.base/java.util.concurrent=ALL-UNNAMED
03-Jul-2024 22:34:00.663 INFO [main] org.apache.catalina.startup.VersionLoggerListener.log Command line argument: --add-opens=java.rmi/sun.rmi.transport=ALL-UNNAMED
03-Jul-2024 22:34:00.663 INFO [main] org.apache.catalina.startup.VersionLoggerListener.log Command line argument: -Djava.util.logging.config.file=C:\Алексей\Транзит\2024\07_июль\01_июля\ТомКат\apache-tomcat-9.0.90\apache-tomcat-9.0.90\conf\logging.properties
03-Jul-2024 22:34:00.663 INFO [main] org.apache.catalina.startup.VersionLoggerListener.log Command line argument: -Djava.util.logging.manager=org.apache.juli.ClassLoaderLogManager
03-Jul-2024 22:34:00.663 INFO [main] org.apache.catalina.startup.VersionLoggerListener.log Command line argument: -Dhttp.nonProxyHosts=localhost|127.0.0.1|DESKTOP-TRIMQ20
03-Jul-2024 22:34:00.663 INFO [main] org.apache.catalina.startup.VersionLoggerListener.log Command line argument: -Djdk.tls.ephemeralDHKeySize=2048
03-Jul-2024 22:34:00.664 INFO [main] org.apache.catalina.startup.VersionLoggerListener.log Command line argument: -Djava.protocol.handler.pkgs=org.apache.catalina.webresources
03-Jul-2024 22:34:00.664 INFO [main] org.apache.catalina.startup.VersionLoggerListener.log Command line argument: -Dignore.endorsed.dirs=
03-Jul-2024 22:34:00.664 INFO [main] org.apache.catalina.startup.VersionLoggerListener.log Command line argument: -Dcatalina.base=C:\Алексей\Транзит\2024\07_июль\01_июля\ТомКат\apache-tomcat-9.0.90\apache-tomcat-9.0.90
03-Jul-2024 22:34:00.664 INFO [main] org.apache.catalina.startup.VersionLoggerListener.log Command line argument: -Dcatalina.home=C:\Алексей\Транзит\2024\07_июль\01_июля\ТомКат\apache-tomcat-9.0.90\apache-tomcat-9.0.90
03-Jul-2024 22:34:00.737 INFO [main] org.apache.catalina.startup.VersionLoggerListener.log Command line argument: -Djava.io.tmpdir=C:\Алексей\Транзит\2024\07_июль\01_июля\ТомКат\apache-tomcat-9.0.90\apache-tomcat-9.0.90\temp
03-Jul-2024 22:34:00.749 INFO [main] org.apache.catalina.core.AprLifecycleListener.lifecycleEvent The Apache Tomcat Native library which allows using OpenSSL was not found on the java.library.path: [C:\Program Files\Java\jdk-14.0.1\jdk-14.0.1\bin;C:\Windows\Sun\Java\bin;C:\Windows\system32;C:\Windows;C:\Program Files\Common Files\Oracle\Java\javapath;C:\Windows\system32;C:\Windows;C:\Windows\System32\Wbem;C:\Windows\System32\WindowsPowerShell\v1.0\;C:\Windows\System32\OpenSSH\;C:\Program Files\Java\jdk-20\bin;C:\Program Files\MySQL\MySQL Shell 8.0\bin\;C:\Users\user\AppData\Local\Microsoft\WindowsApps;;C:\Program Files\JetBrains\IntelliJ IDEA 2023.1.1\bin;;C:\Program Files\JetBrains\PyCharm 2023.1.2\bin;;C:\Program Files\JetBrains\PhpStorm 2023.3.2\bin;;.]
03-Jul-2024 22:34:01.112 INFO [main] org.apache.coyote.AbstractProtocol.init Инициализация ProtocolHandler ["http-nio-8080"]
03-Jul-2024 22:34:01.149 INFO [main] org.apache.catalina.startup.Catalina.load Server initialization in [754] milliseconds
03-Jul-2024 22:34:01.217 INFO [main] org.apache.catalina.core.StandardService.startInternal Starting service [Catalina]
03-Jul-2024 22:34:01.217 INFO [main] org.apache.catalina.core.StandardEngine.startInternal Starting Servlet engine: [Apache Tomcat/9.0.90]
03-Jul-2024 22:34:01.228 INFO [main] org.apache.catalina.startup.HostConfig.deployDirectory Установка веб приложения в папку [C:\Алексей\Транзит\2024\07_июль\01_июля\ТомКат\apache-tomcat-9.0.90\apache-tomcat-9.0.90\webapps\docs]
03-Jul-2024 22:34:01.604 INFO [main] org.apache.catalina.startup.HostConfig.deployDirectory Deployment of web application directory [C:\Алексей\Транзит\2024\07_июль\01_июля\ТомКат\apache-tomcat-9.0.90\apache-tomcat-9.0.90\webapps\docs] has finished in [373] ms
03-Jul-2024 22:34:01.604 INFO [main] org.apache.catalina.startup.HostConfig.deployDirectory Установка веб приложения в папку [C:\Алексей\Транзит\2024\07_июль\01_июля\ТомКат\apache-tomcat-9.0.90\apache-tomcat-9.0.90\webapps\examples]
03-Jul-2024 22:34:02.209 INFO [main] org.apache.catalina.startup.HostConfig.deployDirectory Deployment of web application directory [C:\Алексей\Транзит\2024\07_июль\01_июля\ТомКат\apache-tomcat-9.0.90\apache-tomcat-9.0.90\webapps\examples] has finished in [605] ms
03-Jul-2024 22:34:02.209 INFO [main] org.apache.catalina.startup.HostConfig.deployDirectory Установка веб приложения в папку [C:\Алексей\Транзит\2024\07_июль\01_июля\ТомКат\apache-tomcat-9.0.90\apache-tomcat-9.0.90\webapps\host-manager]
03-Jul-2024 22:34:02.271 INFO [main] org.apache.catalina.startup.HostConfig.deployDirectory Deployment of web application directory [C:\Алексей\Транзит\2024\07_июль\01_июля\ТомКат\apache-tomcat-9.0.90\apache-tomcat-9.0.90\webapps\host-manager] has finished in [61] ms
03-Jul-2024 22:34:02.271 INFO [main] org.apache.catalina.startup.HostConfig.deployDirectory Установка веб приложения в папку [C:\Алексей\Транзит\2024\07_июль\01_июля\ТомКат\apache-tomcat-9.0.90\apache-tomcat-9.0.90\webapps\manager]
03-Jul-2024 22:34:02.330 INFO [main] org.apache.catalina.startup.HostConfig.deployDirectory Deployment of web application directory [C:\Алексей\Транзит\2024\07_июль\01_июля\ТомКат\apache-tomcat-9.0.90\apache-tomcat-9.0.90\webapps\manager] has finished in [58] ms
03-Jul-2024 22:34:02.330 INFO [main] org.apache.catalina.startup.HostConfig.deployDirectory Установка веб приложения в папку [C:\Алексей\Транзит\2024\07_июль\01_июля\ТомКат\apache-tomcat-9.0.90\apache-tomcat-9.0.90\webapps\ROOT]
03-Jul-2024 22:34:02.362 INFO [main] org.apache.catalina.startup.HostConfig.deployDirectory Deployment of web application directory [C:\Алексей\Транзит\2024\07_июль\01_июля\ТомКат\apache-tomcat-9.0.90\apache-tomcat-9.0.90\webapps\ROOT] has finished in [32] ms
03-Jul-2024 22:34:02.367 INFO [main] org.apache.coyote.AbstractProtocol.start Starting ProtocolHandler ["http-nio-8080"]
03-Jul-2024 22:34:02.416 INFO [main] org.apache.catalina.startup.Catalina.start Server startup in [1265] milliseconds
03-Jul-2024 22:42:07.178 INFO [main] org.apache.catalina.core.StandardServer.await A valid shutdown command was received via the shutdown port. Stopping the Server instance.
03-Jul-2024 22:42:07.179 INFO [main] org.apache.coyote.AbstractProtocol.pause Pausing ProtocolHandler ["http-nio-8080"]
03-Jul-2024 22:42:07.194 INFO [main] org.apache.catalina.core.StandardService.stopInternal Stopping service [Catalina]
03-Jul-2024 22:42:07.221 INFO [main] org.apache.coyote.AbstractProtocol.stop Stopping ProtocolHandler ["http-nio-8080"]
03-Jul-2024 22:42:07.230 INFO [main] org.apache.coyote.AbstractProtocol.destroy Destroying ProtocolHandler ["http-nio-8080"]
03-Jul-2024 22:43:43.806 INFO [main] org.apache.catalina.startup.VersionLoggerListener.log Имя версии сервера:    Apache Tomcat/9.0.90
03-Jul-2024 22:43:43.810 INFO [main] org.apache.catalina.startup.VersionLoggerListener.log Сервер собран:         Jun 14 2024 14:45:13 UTC
03-Jul-2024 22:43:43.810 INFO [main] org.apache.catalina.startup.VersionLoggerListener.log Номер версии сервера:  9.0.90.0
03-Jul-2024 22:43:43.810 INFO [main] org.apache.catalina.startup.VersionLoggerListener.log OS Name:               Windows 10
03-Jul-2024 22:43:43.810 INFO [main] org.apache.catalina.startup.VersionLoggerListener.log Версия ОС:             10.0
03-Jul-2024 22:43:43.810 INFO [main] org.apache.catalina.startup.VersionLoggerListener.log Архитектура:           amd64
03-Jul-2024 22:43:43.810 INFO [main] org.apache.catalina.startup.VersionLoggerListener.log Java Home:             C:\Program Files\Java\jdk-14.0.1\jdk-14.0.1
03-Jul-2024 22:43:43.810 INFO [main] org.apache.catalina.startup.VersionLoggerListener.log Версия JVM:            14.0.1+7
03-Jul-2024 22:43:43.810 INFO [main] org.apache.catalina.startup.VersionLoggerListener.log Производитель JVM:     Oracle Corporation
03-Jul-2024 22:43:43.810 INFO [main] org.apache.catalina.startup.VersionLoggerListener.log CATALINA_BASE:         C:\Алексей\Транзит\2024\07_июль\01_июля\ТомКат\apache-tomcat-9.0.90\apache-tomcat-9.0.90
03-Jul-2024 22:43:43.811 INFO [main] org.apache.catalina.startup.VersionLoggerListener.log CATALINA_HOME:         C:\Алексей\Транзит\2024\07_июль\01_июля\ТомКат\apache-tomcat-9.0.90\apache-tomcat-9.0.90
03-Jul-2024 22:43:43.824 INFO [main] org.apache.catalina.startup.VersionLoggerListener.log Command line argument: --add-opens=java.base/java.lang=ALL-UNNAMED
03-Jul-2024 22:43:43.824 INFO [main] org.apache.catalina.startup.VersionLoggerListener.log Command line argument: --add-opens=java.base/java.io=ALL-UNNAMED
03-Jul-2024 22:43:43.824 INFO [main] org.apache.catalina.startup.VersionLoggerListener.log Command line argument: --add-opens=java.base/java.util=ALL-UNNAMED
03-Jul-2024 22:43:43.825 INFO [main] org.apache.catalina.startup.VersionLoggerListener.log Command line argument: --add-opens=java.base/java.util.concurrent=ALL-UNNAMED
03-Jul-2024 22:43:43.825 INFO [main] org.apache.catalina.startup.VersionLoggerListener.log Command line argument: --add-opens=java.rmi/sun.rmi.transport=ALL-UNNAMED
03-Jul-2024 22:43:43.825 INFO [main] org.apache.catalina.startup.VersionLoggerListener.log Command line argument: -Djava.util.logging.config.file=C:\Алексей\Транзит\2024\07_июль\01_июля\ТомКат\apache-tomcat-9.0.90\apache-tomcat-9.0.90\conf\logging.properties
03-Jul-2024 22:43:43.825 INFO [main] org.apache.catalina.startup.VersionLoggerListener.log Command line argument: -Djava.util.logging.manager=org.apache.juli.ClassLoaderLogManager
03-Jul-2024 22:43:43.825 INFO [main] org.apache.catalina.startup.VersionLoggerListener.log Command line argument: -Dhttp.nonProxyHosts=localhost|127.0.0.1|DESKTOP-TRIMQ20
03-Jul-2024 22:43:43.825 INFO [main] org.apache.catalina.startup.VersionLoggerListener.log Command line argument: -Djdk.tls.ephemeralDHKeySize=2048
03-Jul-2024 22:43:43.825 INFO [main] org.apache.catalina.startup.VersionLoggerListener.log Command line argument: -Djava.protocol.handler.pkgs=org.apache.catalina.webresources
03-Jul-2024 22:43:43.825 INFO [main] org.apache.catalina.startup.VersionLoggerListener.log Command line argument: -Dignore.endorsed.dirs=
03-Jul-2024 22:43:43.825 INFO [main] org.apache.catalina.startup.VersionLoggerListener.log Command line argument: -Dcatalina.base=C:\Алексей\Транзит\2024\07_июль\01_июля\ТомКат\apache-tomcat-9.0.90\apache-tomcat-9.0.90
03-Jul-2024 22:43:43.825 INFO [main] org.apache.catalina.startup.VersionLoggerListener.log Command line argument: -Dcatalina.home=C:\Алексей\Транзит\2024\07_июль\01_июля\ТомКат\apache-tomcat-9.0.90\apache-tomcat-9.0.90
03-Jul-2024 22:43:43.921 INFO [main] org.apache.catalina.startup.VersionLoggerListener.log Command line argument: -Djava.io.tmpdir=C:\Алексей\Транзит\2024\07_июль\01_июля\ТомКат\apache-tomcat-9.0.90\apache-tomcat-9.0.90\temp
03-Jul-2024 22:43:43.933 INFO [main] org.apache.catalina.core.AprLifecycleListener.lifecycleEvent The Apache Tomcat Native library which allows using OpenSSL was not found on the java.library.path: [C:\Program Files\Java\jdk-14.0.1\jdk-14.0.1\bin;C:\Windows\Sun\Java\bin;C:\Windows\system32;C:\Windows;C:\Program Files\Common Files\Oracle\Java\javapath;C:\Windows\system32;C:\Windows;C:\Windows\System32\Wbem;C:\Windows\System32\WindowsPowerShell\v1.0\;C:\Windows\System32\OpenSSH\;C:\Program Files\Java\jdk-20\bin;C:\Program Files\MySQL\MySQL Shell 8.0\bin\;C:\Users\user\AppData\Local\Microsoft\WindowsApps;;C:\Program Files\JetBrains\IntelliJ IDEA 2023.1.1\bin;;C:\Program Files\JetBrains\PyCharm 2023.1.2\bin;;C:\Program Files\JetBrains\PhpStorm 2023.3.2\bin;;.]
03-Jul-2024 22:43:44.283 INFO [main] org.apache.coyote.AbstractProtocol.init Инициализация ProtocolHandler ["http-nio-8080"]
03-Jul-2024 22:43:44.316 INFO [main] org.apache.catalina.startup.Catalina.load Server initialization in [737] milliseconds
03-Jul-2024 22:43:44.374 INFO [main] org.apache.catalina.core.StandardService.startInternal Starting service [Catalina]
03-Jul-2024 22:43:44.374 INFO [main] org.apache.catalina.core.StandardEngine.startInternal Starting Servlet engine: [Apache Tomcat/9.0.90]
03-Jul-2024 22:43:44.386 INFO [main] org.apache.catalina.startup.HostConfig.deployDirectory Установка веб приложения в папку [C:\Алексей\Транзит\2024\07_июль\01_июля\ТомКат\apache-tomcat-9.0.90\apache-tomcat-9.0.90\webapps\docs]
03-Jul-2024 22:43:44.788 INFO [main] org.apache.catalina.startup.HostConfig.deployDirectory Deployment of web application directory [C:\Алексей\Транзит\2024\07_июль\01_июля\ТомКат\apache-tomcat-9.0.90\apache-tomcat-9.0.90\webapps\docs] has finished in [399] ms
03-Jul-2024 22:43:44.788 INFO [main] org.apache.catalina.startup.HostConfig.deployDirectory Установка веб приложения в папку [C:\Алексей\Транзит\2024\07_июль\01_июля\ТомКат\apache-tomcat-9.0.90\apache-tomcat-9.0.90\webapps\examples]
03-Jul-2024 22:43:45.405 INFO [main] org.apache.catalina.startup.HostConfig.deployDirectory Deployment of web application directory [C:\Алексей\Транзит\2024\07_июль\01_июля\ТомКат\apache-tomcat-9.0.90\apache-tomcat-9.0.90\webapps\examples] has finished in [616] ms
03-Jul-2024 22:43:45.405 INFO [main] org.apache.catalina.startup.HostConfig.deployDirectory Установка веб приложения в папку [C:\Алексей\Транзит\2024\07_июль\01_июля\ТомКат\apache-tomcat-9.0.90\apache-tomcat-9.0.90\webapps\host-manager]
03-Jul-2024 22:43:45.492 INFO [main] org.apache.catalina.startup.HostConfig.deployDirectory Deployment of web application directory [C:\Алексей\Транзит\2024\07_июль\01_июля\ТомКат\apache-tomcat-9.0.90\apache-tomcat-9.0.90\webapps\host-manager] has finished in [87] ms
03-Jul-2024 22:43:45.493 INFO [main] org.apache.catalina.startup.HostConfig.deployDirectory Установка веб приложения в папку [C:\Алексей\Транзит\2024\07_июль\01_июля\ТомКат\apache-tomcat-9.0.90\apache-tomcat-9.0.90\webapps\manager]
03-Jul-2024 22:43:45.560 INFO [main] org.apache.catalina.startup.HostConfig.deployDirectory Deployment of web application directory [C:\Алексей\Транзит\2024\07_июль\01_июля\ТомКат\apache-tomcat-9.0.90\apache-tomcat-9.0.90\webapps\manager] has finished in [68] ms
03-Jul-2024 22:43:45.560 INFO [main] org.apache.catalina.startup.HostConfig.deployDirectory Установка веб приложения в папку [C:\Алексей\Транзит\2024\07_июль\01_июля\ТомКат\apache-tomcat-9.0.90\apache-tomcat-9.0.90\webapps\ROOT]
03-Jul-2024 22:43:45.606 INFO [main] org.apache.catalina.startup.HostConfig.deployDirectory Deployment of web application directory [C:\Алексей\Транзит\2024\07_июль\01_июля\ТомКат\apache-tomcat-9.0.90\apache-tomcat-9.0.90\webapps\ROOT] has finished in [45] ms
03-Jul-2024 22:43:45.613 INFO [main] org.apache.coyote.AbstractProtocol.start Starting ProtocolHandler ["http-nio-8080"]
03-Jul-2024 22:43:45.670 INFO [main] org.apache.catalina.startup.Catalina.start Server startup in [1353] milliseconds
03-Jul-2024 22:46:43.610 INFO [main] org.apache.catalina.core.StandardServer.await A valid shutdown command was received via the shutdown port. Stopping the Server instance.
03-Jul-2024 22:46:43.611 INFO [main] org.apache.coyote.AbstractProtocol.pause Pausing ProtocolHandler ["http-nio-8080"]
03-Jul-2024 22:46:43.628 INFO [main] org.apache.catalina.core.StandardService.stopInternal Stopping service [Catalina]
03-Jul-2024 22:46:43.653 INFO [main] org.apache.coyote.AbstractProtocol.stop Stopping ProtocolHandler ["http-nio-8080"]
03-Jul-2024 22:46:43.672 INFO [main] org.apache.coyote.AbstractProtocol.destroy Destroying ProtocolHandler ["http-nio-8080"]
03-Jul-2024 22:49:54.142 INFO [main] org.apache.catalina.startup.VersionLoggerListener.log Имя версии сервера:    Apache Tomcat/9.0.90
03-Jul-2024 22:49:54.145 INFO [main] org.apache.catalina.startup.VersionLoggerListener.log Сервер собран:         Jun 14 2024 14:45:13 UTC
03-Jul-2024 22:49:54.145 INFO [main] org.apache.catalina.startup.VersionLoggerListener.log Номер версии сервера:  9.0.90.0
03-Jul-2024 22:49:54.145 INFO [main] org.apache.catalina.startup.VersionLoggerListener.log OS Name:               Windows 10
03-Jul-2024 22:49:54.146 INFO [main] org.apache.catalina.startup.VersionLoggerListener.log Версия ОС:             10.0
03-Jul-2024 22:49:54.146 INFO [main] org.apache.catalina.startup.VersionLoggerListener.log Архитектура:           amd64
03-Jul-2024 22:49:54.146 INFO [main] org.apache.catalina.startup.VersionLoggerListener.log Java Home:             C:\Program Files\Java\jdk-14.0.1\jdk-14.0.1
03-Jul-2024 22:49:54.146 INFO [main] org.apache.catalina.startup.VersionLoggerListener.log Версия JVM:            14.0.1+7
03-Jul-2024 22:49:54.146 INFO [main] org.apache.catalina.startup.VersionLoggerListener.log Производитель JVM:     Oracle Corporation
03-Jul-2024 22:49:54.146 INFO [main] org.apache.catalina.startup.VersionLoggerListener.log CATALINA_BASE:         C:\Алексей\Транзит\2024\07_июль\01_июля\ТомКат\apache-tomcat-9.0.90\apache-tomcat-9.0.90
03-Jul-2024 22:49:54.146 INFO [main] org.apache.catalina.startup.VersionLoggerListener.log CATALINA_HOME:         C:\Алексей\Транзит\2024\07_июль\01_июля\ТомКат\apache-tomcat-9.0.90\apache-tomcat-9.0.90
03-Jul-2024 22:49:54.161 INFO [main] org.apache.catalina.startup.VersionLoggerListener.log Command line argument: --add-opens=java.base/java.lang=ALL-UNNAMED
03-Jul-2024 22:49:54.161 INFO [main] org.apache.catalina.startup.VersionLoggerListener.log Command line argument: --add-opens=java.base/java.io=ALL-UNNAMED
03-Jul-2024 22:49:54.161 INFO [main] org.apache.catalina.startup.VersionLoggerListener.log Command line argument: --add-opens=java.base/java.util=ALL-UNNAMED
03-Jul-2024 22:49:54.161 INFO [main] org.apache.catalina.startup.VersionLoggerListener.log Command line argument: --add-opens=java.base/java.util.concurrent=ALL-UNNAMED
03-Jul-2024 22:49:54.161 INFO [main] org.apache.catalina.startup.VersionLoggerListener.log Command line argument: --add-opens=java.rmi/sun.rmi.transport=ALL-UNNAMED
03-Jul-2024 22:49:54.161 INFO [main] org.apache.catalina.startup.VersionLoggerListener.log Command line argument: -Djava.util.logging.config.file=C:\Алексей\Транзит\2024\07_июль\01_июля\ТомКат\apache-tomcat-9.0.90\apache-tomcat-9.0.90\conf\logging.properties
03-Jul-2024 22:49:54.162 INFO [main] org.apache.catalina.startup.VersionLoggerListener.log Command line argument: -Djava.util.logging.manager=org.apache.juli.ClassLoaderLogManager
03-Jul-2024 22:49:54.162 INFO [main] org.apache.catalina.startup.VersionLoggerListener.log Command line argument: -Dhttp.nonProxyHosts=localhost|127.0.0.1|DESKTOP-TRIMQ20
03-Jul-2024 22:49:54.162 INFO [main] org.apache.catalina.startup.VersionLoggerListener.log Command line argument: -Djdk.tls.ephemeralDHKeySize=2048
03-Jul-2024 22:49:54.162 INFO [main] org.apache.catalina.startup.VersionLoggerListener.log Command line argument: -Djava.protocol.handler.pkgs=org.apache.catalina.webresources
03-Jul-2024 22:49:54.162 INFO [main] org.apache.catalina.startup.VersionLoggerListener.log Command line argument: -Dignore.endorsed.dirs=
03-Jul-2024 22:49:54.162 INFO [main] org.apache.catalina.startup.VersionLoggerListener.log Command line argument: -Dcatalina.base=C:\Алексей\Транзит\2024\07_июль\01_июля\ТомКат\apache-tomcat-9.0.90\apache-tomcat-9.0.90
03-Jul-2024 22:49:54.162 INFO [main] org.apache.catalina.startup.VersionLoggerListener.log Command line argument: -Dcatalina.home=C:\Алексей\Транзит\2024\07_июль\01_июля\ТомКат\apache-tomcat-9.0.90\apache-tomcat-9.0.90
03-Jul-2024 22:49:54.164 INFO [main] org.apache.catalina.startup.VersionLoggerListener.log Command line argument: -Djava.io.tmpdir=C:\Алексей\Транзит\2024\07_июль\01_июля\ТомКат\apache-tomcat-9.0.90\apache-tomcat-9.0.90\temp
03-Jul-2024 22:49:54.177 INFO [main] org.apache.catalina.core.AprLifecycleListener.lifecycleEvent The Apache Tomcat Native library which allows using OpenSSL was not found on the java.library.path: [C:\Program Files\Java\jdk-14.0.1\jdk-14.0.1\bin;C:\Windows\Sun\Java\bin;C:\Windows\system32;C:\Windows;C:\Program Files\Common Files\Oracle\Java\javapath;C:\Windows\system32;C:\Windows;C:\Windows\System32\Wbem;C:\Windows\System32\WindowsPowerShell\v1.0\;C:\Windows\System32\OpenSSH\;C:\Program Files\Java\jdk-20\bin;C:\Program Files\MySQL\MySQL Shell 8.0\bin\;C:\Users\user\AppData\Local\Microsoft\WindowsApps;;C:\Program Files\JetBrains\IntelliJ IDEA 2023.1.1\bin;;C:\Program Files\JetBrains\PyCharm 2023.1.2\bin;;C:\Program Files\JetBrains\PhpStorm 2023.3.2\bin;;.]
03-Jul-2024 22:49:54.547 INFO [main] org.apache.coyote.AbstractProtocol.init Инициализация ProtocolHandler ["http-nio-8080"]
03-Jul-2024 22:49:54.579 INFO [main] org.apache.catalina.startup.Catalina.load Server initialization in [706] milliseconds
03-Jul-2024 22:49:54.634 INFO [main] org.apache.catalina.core.StandardService.startInternal Starting service [Catalina]
03-Jul-2024 22:49:54.635 INFO [main] org.apache.catalina.core.StandardEngine.startInternal Starting Servlet engine: [Apache Tomcat/9.0.90]
03-Jul-2024 22:49:54.645 INFO [main] org.apache.catalina.startup.HostConfig.deployDirectory Установка веб приложения в папку [C:\Алексей\Транзит\2024\07_июль\01_июля\ТомКат\apache-tomcat-9.0.90\apache-tomcat-9.0.90\webapps\docs]
03-Jul-2024 22:49:55.036 INFO [main] org.apache.catalina.startup.HostConfig.deployDirectory Deployment of web application directory [C:\Алексей\Транзит\2024\07_июль\01_июля\ТомКат\apache-tomcat-9.0.90\apache-tomcat-9.0.90\webapps\docs] has finished in [387] ms
03-Jul-2024 22:49:55.037 INFO [main] org.apache.catalina.startup.HostConfig.deployDirectory Установка веб приложения в папку [C:\Алексей\Транзит\2024\07_июль\01_июля\ТомКат\apache-tomcat-9.0.90\apache-tomcat-9.0.90\webapps\examples]
03-Jul-2024 22:49:56.077 INFO [main] org.apache.catalina.startup.HostConfig.deployDirectory Deployment of web application directory [C:\Алексей\Транзит\2024\07_июль\01_июля\ТомКат\apache-tomcat-9.0.90\apache-tomcat-9.0.90\webapps\examples] has finished in [1 040] ms
03-Jul-2024 22:49:56.077 INFO [main] org.apache.catalina.startup.HostConfig.deployDirectory Установка веб приложения в папку [C:\Алексей\Транзит\2024\07_июль\01_июля\ТомКат\apache-tomcat-9.0.90\apache-tomcat-9.0.90\webapps\host-manager]
03-Jul-2024 22:49:56.148 INFO [main] org.apache.catalina.startup.HostConfig.deployDirectory Deployment of web application directory [C:\Алексей\Транзит\2024\07_июль\01_июля\ТомКат\apache-tomcat-9.0.90\apache-tomcat-9.0.90\webapps\host-manager] has finished in [70] ms
03-Jul-2024 22:49:56.148 INFO [main] org.apache.catalina.startup.HostConfig.deployDirectory Установка веб приложения в папку [C:\Алексей\Транзит\2024\07_июль\01_июля\ТомКат\apache-tomcat-9.0.90\apache-tomcat-9.0.90\webapps\manager]
03-Jul-2024 22:49:56.214 INFO [main] org.apache.catalina.startup.HostConfig.deployDirectory Deployment of web application directory [C:\Алексей\Транзит\2024\07_июль\01_июля\ТомКат\apache-tomcat-9.0.90\apache-tomcat-9.0.90\webapps\manager] has finished in [66] ms
03-Jul-2024 22:49:56.215 INFO [main] org.apache.catalina.startup.HostConfig.deployDirectory Установка веб приложения в папку [C:\Алексей\Транзит\2024\07_июль\01_июля\ТомКат\apache-tomcat-9.0.90\apache-tomcat-9.0.90\webapps\ROOT]
03-Jul-2024 22:49:56.252 INFO [main] org.apache.catalina.startup.HostConfig.deployDirectory Deployment of web application directory [C:\Алексей\Транзит\2024\07_июль\01_июля\ТомКат\apache-tomcat-9.0.90\apache-tomcat-9.0.90\webapps\ROOT] has finished in [36] ms
03-Jul-2024 22:49:56.259 INFO [main] org.apache.coyote.AbstractProtocol.start Starting ProtocolHandler ["http-nio-8080"]
03-Jul-2024 22:49:56.315 INFO [main] org.apache.catalina.startup.Catalina.start Server startup in [1736] milliseconds
03-Jul-2024 22:51:33.376 INFO [main] org.apache.catalina.core.StandardServer.await A valid shutdown command was received via the shutdown port. Stopping the Server instance.
03-Jul-2024 22:51:33.377 INFO [main] org.apache.coyote.AbstractProtocol.pause Pausing ProtocolHandler ["http-nio-8080"]
03-Jul-2024 22:51:33.392 INFO [main] org.apache.catalina.core.StandardService.stopInternal Stopping service [Catalina]
03-Jul-2024 22:51:33.423 INFO [main] org.apache.coyote.AbstractProtocol.stop Stopping ProtocolHandler ["http-nio-8080"]
03-Jul-2024 22:51:33.442 INFO [main] org.apache.coyote.AbstractProtocol.destroy Destroying ProtocolHandler ["http-nio-8080"]
03-Jul-2024 22:51:36.838 INFO [main] org.apache.catalina.startup.VersionLoggerListener.log Имя версии сервера:    Apache Tomcat/9.0.90
03-Jul-2024 22:51:36.842 INFO [main] org.apache.catalina.startup.VersionLoggerListener.log Сервер собран:         Jun 14 2024 14:45:13 UTC
03-Jul-2024 22:51:36.842 INFO [main] org.apache.catalina.startup.VersionLoggerListener.log Номер версии сервера:  9.0.90.0
03-Jul-2024 22:51:36.842 INFO [main] org.apache.catalina.startup.VersionLoggerListener.log OS Name:               Windows 10
03-Jul-2024 22:51:36.843 INFO [main] org.apache.catalina.startup.VersionLoggerListener.log Версия ОС:             10.0
03-Jul-2024 22:51:36.843 INFO [main] org.apache.catalina.startup.VersionLoggerListener.log Архитектура:           amd64
03-Jul-2024 22:51:36.843 INFO [main] org.apache.catalina.startup.VersionLoggerListener.log Java Home:             C:\Program Files\Java\jdk-14.0.1\jdk-14.0.1
03-Jul-2024 22:51:36.843 INFO [main] org.apache.catalina.startup.VersionLoggerListener.log Версия JVM:            14.0.1+7
03-Jul-2024 22:51:36.843 INFO [main] org.apache.catalina.startup.VersionLoggerListener.log Производитель JVM:     Oracle Corporation
03-Jul-2024 22:51:36.843 INFO [main] org.apache.catalina.startup.VersionLoggerListener.log CATALINA_BASE:         C:\Алексей\Транзит\2024\07_июль\01_июля\ТомКат\apache-tomcat-9.0.90\apache-tomcat-9.0.90
03-Jul-2024 22:51:36.844 INFO [main] org.apache.catalina.startup.VersionLoggerListener.log CATALINA_HOME:         C:\Алексей\Транзит\2024\07_июль\01_июля\ТомКат\apache-tomcat-9.0.90\apache-tomcat-9.0.90
03-Jul-2024 22:51:36.859 INFO [main] org.apache.catalina.startup.VersionLoggerListener.log Command line argument: --add-opens=java.base/java.lang=ALL-UNNAMED
03-Jul-2024 22:51:36.859 INFO [main] org.apache.catalina.startup.VersionLoggerListener.log Command line argument: --add-opens=java.base/java.io=ALL-UNNAMED
03-Jul-2024 22:51:36.859 INFO [main] org.apache.catalina.startup.VersionLoggerListener.log Command line argument: --add-opens=java.base/java.util=ALL-UNNAMED
03-Jul-2024 22:51:36.859 INFO [main] org.apache.catalina.startup.VersionLoggerListener.log Command line argument: --add-opens=java.base/java.util.concurrent=ALL-UNNAMED
03-Jul-2024 22:51:36.860 INFO [main] org.apache.catalina.startup.VersionLoggerListener.log Command line argument: --add-opens=java.rmi/sun.rmi.transport=ALL-UNNAMED
03-Jul-2024 22:51:36.860 INFO [main] org.apache.catalina.startup.VersionLoggerListener.log Command line argument: -Djava.util.logging.config.file=C:\Алексей\Транзит\2024\07_июль\01_июля\ТомКат\apache-tomcat-9.0.90\apache-tomcat-9.0.90\conf\logging.properties
03-Jul-2024 22:51:36.860 INFO [main] org.apache.catalina.startup.VersionLoggerListener.log Command line argument: -Djava.util.logging.manager=org.apache.juli.ClassLoaderLogManager
03-Jul-2024 22:51:36.860 INFO [main] org.apache.catalina.startup.VersionLoggerListener.log Command line argument: -Dhttp.nonProxyHosts=localhost|127.0.0.1|DESKTOP-TRIMQ20
03-Jul-2024 22:51:36.860 INFO [main] org.apache.catalina.startup.VersionLoggerListener.log Command line argument: -Djdk.tls.ephemeralDHKeySize=2048
03-Jul-2024 22:51:36.860 INFO [main] org.apache.catalina.startup.VersionLoggerListener.log Command line argument: -Djava.protocol.handler.pkgs=org.apache.catalina.webresources
03-Jul-2024 22:51:36.860 INFO [main] org.apache.catalina.startup.VersionLoggerListener.log Command line argument: -Dignore.endorsed.dirs=
03-Jul-2024 22:51:36.860 INFO [main] org.apache.catalina.startup.VersionLoggerListener.log Command line argument: -Dcatalina.base=C:\Алексей\Транзит\2024\07_июль\01_июля\ТомКат\apache-tomcat-9.0.90\apache-tomcat-9.0.90
03-Jul-2024 22:51:36.860 INFO [main] org.apache.catalina.startup.VersionLoggerListener.log Command line argument: -Dcatalina.home=C:\Алексей\Транзит\2024\07_июль\01_июля\ТомКат\apache-tomcat-9.0.90\apache-tomcat-9.0.90
03-Jul-2024 22:51:36.935 INFO [main] org.apache.catalina.startup.VersionLoggerListener.log Command line argument: -Djava.io.tmpdir=C:\Алексей\Транзит\2024\07_июль\01_июля\ТомКат\apache-tomcat-9.0.90\apache-tomcat-9.0.90\temp
03-Jul-2024 22:51:36.945 INFO [main] org.apache.catalina.core.AprLifecycleListener.lifecycleEvent The Apache Tomcat Native library which allows using OpenSSL was not found on the java.library.path: [C:\Program Files\Java\jdk-14.0.1\jdk-14.0.1\bin;C:\Windows\Sun\Java\bin;C:\Windows\system32;C:\Windows;C:\Program Files\Common Files\Oracle\Java\javapath;C:\Windows\system32;C:\Windows;C:\Windows\System32\Wbem;C:\Windows\System32\WindowsPowerShell\v1.0\;C:\Windows\System32\OpenSSH\;C:\Program Files\Java\jdk-20\bin;C:\Program Files\MySQL\MySQL Shell 8.0\bin\;C:\Users\user\AppData\Local\Microsoft\WindowsApps;;C:\Program Files\JetBrains\IntelliJ IDEA 2023.1.1\bin;;C:\Program Files\JetBrains\PyCharm 2023.1.2\bin;;C:\Program Files\JetBrains\PhpStorm 2023.3.2\bin;;.]
03-Jul-2024 22:51:37.284 INFO [main] org.apache.coyote.AbstractProtocol.init Инициализация ProtocolHandler ["http-nio-8080"]
03-Jul-2024 22:51:37.317 INFO [main] org.apache.catalina.startup.Catalina.load Server initialization in [722] milliseconds
03-Jul-2024 22:51:37.375 INFO [main] org.apache.catalina.core.StandardService.startInternal Starting service [Catalina]
03-Jul-2024 22:51:37.375 INFO [main] org.apache.catalina.core.StandardEngine.startInternal Starting Servlet engine: [Apache Tomcat/9.0.90]
03-Jul-2024 22:51:37.387 INFO [main] org.apache.catalina.startup.HostConfig.deployDirectory Установка веб приложения в папку [C:\Алексей\Транзит\2024\07_июль\01_июля\ТомКат\apache-tomcat-9.0.90\apache-tomcat-9.0.90\webapps\docs]
03-Jul-2024 22:51:37.821 INFO [main] org.apache.catalina.startup.HostConfig.deployDirectory Deployment of web application directory [C:\Алексей\Транзит\2024\07_июль\01_июля\ТомКат\apache-tomcat-9.0.90\apache-tomcat-9.0.90\webapps\docs] has finished in [432] ms
03-Jul-2024 22:51:37.822 INFO [main] org.apache.catalina.startup.HostConfig.deployDirectory Установка веб приложения в папку [C:\Алексей\Транзит\2024\07_июль\01_июля\ТомКат\apache-tomcat-9.0.90\apache-tomcat-9.0.90\webapps\examples]
03-Jul-2024 22:51:38.490 INFO [main] org.apache.catalina.startup.HostConfig.deployDirectory Deployment of web application directory [C:\Алексей\Транзит\2024\07_июль\01_июля\ТомКат\apache-tomcat-9.0.90\apache-tomcat-9.0.90\webapps\examples] has finished in [669] ms
03-Jul-2024 22:51:38.491 INFO [main] org.apache.catalina.startup.HostConfig.deployDirectory Установка веб приложения в папку [C:\Алексей\Транзит\2024\07_июль\01_июля\ТомКат\apache-tomcat-9.0.90\apache-tomcat-9.0.90\webapps\host-manager]
03-Jul-2024 22:51:38.571 INFO [main] org.apache.catalina.startup.HostConfig.deployDirectory Deployment of web application directory [C:\Алексей\Транзит\2024\07_июль\01_июля\ТомКат\apache-tomcat-9.0.90\apache-tomcat-9.0.90\webapps\host-manager] has finished in [79] ms
03-Jul-2024 22:51:38.572 INFO [main] org.apache.catalina.startup.HostConfig.deployDirectory Установка веб приложения в папку [C:\Алексей\Транзит\2024\07_июль\01_июля\ТомКат\apache-tomcat-9.0.90\apache-tomcat-9.0.90\webapps\manager]
03-Jul-2024 22:51:38.631 INFO [main] org.apache.catalina.startup.HostConfig.deployDirectory Deployment of web application directory [C:\Алексей\Транзит\2024\07_июль\01_июля\ТомКат\apache-tomcat-9.0.90\apache-tomcat-9.0.90\webapps\manager] has finished in [59] ms
03-Jul-2024 22:51:38.631 INFO [main] org.apache.catalina.startup.HostConfig.deployDirectory Установка веб приложения в папку [C:\Алексей\Транзит\2024\07_июль\01_июля\ТомКат\apache-tomcat-9.0.90\apache-tomcat-9.0.90\webapps\ROOT]
03-Jul-2024 22:51:38.670 INFO [main] org.apache.catalina.startup.HostConfig.deployDirectory Deployment of web application directory [C:\Алексей\Транзит\2024\07_июль\01_июля\ТомКат\apache-tomcat-9.0.90\apache-tomcat-9.0.90\webapps\ROOT] has finished in [38] ms
03-Jul-2024 22:51:38.676 INFO [main] org.apache.coyote.AbstractProtocol.start Starting ProtocolHandler ["http-nio-8080"]
03-Jul-2024 22:51:38.728 INFO [main] org.apache.catalina.startup.Catalina.start Server startup in [1411] milliseconds
03-Jul-2024 23:04:46.432 INFO [main] org.apache.catalina.core.StandardServer.await A valid shutdown command was received via the shutdown port. Stopping the Server instance.
03-Jul-2024 23:04:46.433 INFO [main] org.apache.coyote.AbstractProtocol.pause Pausing ProtocolHandler ["http-nio-8080"]
03-Jul-2024 23:04:46.448 INFO [main] org.apache.catalina.core.StandardService.stopInternal Stopping service [Catalina]
03-Jul-2024 23:04:46.477 INFO [main] org.apache.coyote.AbstractProtocol.stop Stopping ProtocolHandler ["http-nio-8080"]
03-Jul-2024 23:04:46.494 INFO [main] org.apache.coyote.AbstractProtocol.destroy Destroying ProtocolHandler ["http-nio-8080"]
03-Jul-2024 23:11:40.231 INFO [main] org.apache.catalina.startup.VersionLoggerListener.log Имя версии сервера:    Apache Tomcat/9.0.90
03-Jul-2024 23:11:40.234 INFO [main] org.apache.catalina.startup.VersionLoggerListener.log Сервер собран:         Jun 14 2024 14:45:13 UTC
03-Jul-2024 23:11:40.235 INFO [main] org.apache.catalina.startup.VersionLoggerListener.log Номер версии сервера:  9.0.90.0
03-Jul-2024 23:11:40.235 INFO [main] org.apache.catalina.startup.VersionLoggerListener.log OS Name:               Windows 10
03-Jul-2024 23:11:40.235 INFO [main] org.apache.catalina.startup.VersionLoggerListener.log Версия ОС:             10.0
03-Jul-2024 23:11:40.235 INFO [main] org.apache.catalina.startup.VersionLoggerListener.log Архитектура:           amd64
03-Jul-2024 23:11:40.235 INFO [main] org.apache.catalina.startup.VersionLoggerListener.log Java Home:             C:\Program Files\Java\jdk-14.0.1\jdk-14.0.1
03-Jul-2024 23:11:40.236 INFO [main] org.apache.catalina.startup.VersionLoggerListener.log Версия JVM:            14.0.1+7
03-Jul-2024 23:11:40.236 INFO [main] org.apache.catalina.startup.VersionLoggerListener.log Производитель JVM:     Oracle Corporation
03-Jul-2024 23:11:40.236 INFO [main] org.apache.catalina.startup.VersionLoggerListener.log CATALINA_BASE:         C:\Алексей\Транзит\2024\07_июль\01_июля\ТомКат\apache-tomcat-9.0.90\apache-tomcat-9.0.90
03-Jul-2024 23:11:40.237 INFO [main] org.apache.catalina.startup.VersionLoggerListener.log CATALINA_HOME:         C:\Алексей\Транзит\2024\07_июль\01_июля\ТомКат\apache-tomcat-9.0.90\apache-tomcat-9.0.90
03-Jul-2024 23:11:40.250 INFO [main] org.apache.catalina.startup.VersionLoggerListener.log Command line argument: --add-opens=java.base/java.lang=ALL-UNNAMED
03-Jul-2024 23:11:40.251 INFO [main] org.apache.catalina.startup.VersionLoggerListener.log Command line argument: --add-opens=java.base/java.io=ALL-UNNAMED
03-Jul-2024 23:11:40.251 INFO [main] org.apache.catalina.startup.VersionLoggerListener.log Command line argument: --add-opens=java.base/java.util=ALL-UNNAMED
03-Jul-2024 23:11:40.251 INFO [main] org.apache.catalina.startup.VersionLoggerListener.log Command line argument: --add-opens=java.base/java.util.concurrent=ALL-UNNAMED
03-Jul-2024 23:11:40.251 INFO [main] org.apache.catalina.startup.VersionLoggerListener.log Command line argument: --add-opens=java.rmi/sun.rmi.transport=ALL-UNNAMED
03-Jul-2024 23:11:40.251 INFO [main] org.apache.catalina.startup.VersionLoggerListener.log Command line argument: -Djava.util.logging.config.file=C:\Алексей\Транзит\2024\07_июль\01_июля\ТомКат\apache-tomcat-9.0.90\apache-tomcat-9.0.90\conf\logging.properties
03-Jul-2024 23:11:40.251 INFO [main] org.apache.catalina.startup.VersionLoggerListener.log Command line argument: -Djava.util.logging.manager=org.apache.juli.ClassLoaderLogManager
03-Jul-2024 23:11:40.251 INFO [main] org.apache.catalina.startup.VersionLoggerListener.log Command line argument: -Dhttp.nonProxyHosts=localhost|127.0.0.1|DESKTOP-TRIMQ20
03-Jul-2024 23:11:40.252 INFO [main] org.apache.catalina.startup.VersionLoggerListener.log Command line argument: -Djdk.tls.ephemeralDHKeySize=2048
03-Jul-2024 23:11:40.252 INFO [main] org.apache.catalina.startup.VersionLoggerListener.log Command line argument: -Djava.protocol.handler.pkgs=org.apache.catalina.webresources
03-Jul-2024 23:11:40.252 INFO [main] org.apache.catalina.startup.VersionLoggerListener.log Command line argument: -Dignore.endorsed.dirs=
03-Jul-2024 23:11:40.252 INFO [main] org.apache.catalina.startup.VersionLoggerListener.log Command line argument: -Dcatalina.base=C:\Алексей\Транзит\2024\07_июль\01_июля\ТомКат\apache-tomcat-9.0.90\apache-tomcat-9.0.90
03-Jul-2024 23:11:40.252 INFO [main] org.apache.catalina.startup.VersionLoggerListener.log Command line argument: -Dcatalina.home=C:\Алексей\Транзит\2024\07_июль\01_июля\ТомКат\apache-tomcat-9.0.90\apache-tomcat-9.0.90
03-Jul-2024 23:11:40.330 INFO [main] org.apache.catalina.startup.VersionLoggerListener.log Command line argument: -Djava.io.tmpdir=C:\Алексей\Транзит\2024\07_июль\01_июля\ТомКат\apache-tomcat-9.0.90\apache-tomcat-9.0.90\temp
03-Jul-2024 23:11:40.341 INFO [main] org.apache.catalina.core.AprLifecycleListener.lifecycleEvent The Apache Tomcat Native library which allows using OpenSSL was not found on the java.library.path: [C:\Program Files\Java\jdk-14.0.1\jdk-14.0.1\bin;C:\Windows\Sun\Java\bin;C:\Windows\system32;C:\Windows;C:\Program Files\Common Files\Oracle\Java\javapath;C:\Windows\system32;C:\Windows;C:\Windows\System32\Wbem;C:\Windows\System32\WindowsPowerShell\v1.0\;C:\Windows\System32\OpenSSH\;C:\Program Files\Java\jdk-20\bin;C:\Program Files\MySQL\MySQL Shell 8.0\bin\;C:\Users\user\AppData\Local\Microsoft\WindowsApps;;C:\Program Files\JetBrains\IntelliJ IDEA 2023.1.1\bin;;C:\Program Files\JetBrains\PyCharm 2023.1.2\bin;;C:\Program Files\JetBrains\PhpStorm 2023.3.2\bin;;.]
03-Jul-2024 23:11:40.703 INFO [main] org.apache.coyote.AbstractProtocol.init Инициализация ProtocolHandler ["http-nio-8080"]
03-Jul-2024 23:11:40.736 INFO [main] org.apache.catalina.startup.Catalina.load Server initialization in [753] milliseconds
03-Jul-2024 23:11:40.792 INFO [main] org.apache.catalina.core.StandardService.startInternal Starting service [Catalina]
03-Jul-2024 23:11:40.793 INFO [main] org.apache.catalina.core.StandardEngine.startInternal Starting Servlet engine: [Apache Tomcat/9.0.90]
03-Jul-2024 23:11:40.803 INFO [main] org.apache.catalina.startup.HostConfig.deployDirectory Установка веб приложения в папку [C:\Алексей\Транзит\2024\07_июль\01_июля\ТомКат\apache-tomcat-9.0.90\apache-tomcat-9.0.90\webapps\docs]
03-Jul-2024 23:11:41.175 INFO [main] org.apache.catalina.startup.HostConfig.deployDirectory Deployment of web application directory [C:\Алексей\Транзит\2024\07_июль\01_июля\ТомКат\apache-tomcat-9.0.90\apache-tomcat-9.0.90\webapps\docs] has finished in [369] ms
03-Jul-2024 23:11:41.175 INFO [main] org.apache.catalina.startup.HostConfig.deployDirectory Установка веб приложения в папку [C:\Алексей\Транзит\2024\07_июль\01_июля\ТомКат\apache-tomcat-9.0.90\apache-tomcat-9.0.90\webapps\examples]
03-Jul-2024 23:11:41.864 INFO [main] org.apache.catalina.startup.HostConfig.deployDirectory Deployment of web application directory [C:\Алексей\Транзит\2024\07_июль\01_июля\ТомКат\apache-tomcat-9.0.90\apache-tomcat-9.0.90\webapps\examples] has finished in [689] ms
03-Jul-2024 23:11:41.865 INFO [main] org.apache.catalina.startup.HostConfig.deployDirectory Установка веб приложения в папку [C:\Алексей\Транзит\2024\07_июль\01_июля\ТомКат\apache-tomcat-9.0.90\apache-tomcat-9.0.90\webapps\host-manager]
03-Jul-2024 23:11:41.938 INFO [main] org.apache.catalina.startup.HostConfig.deployDirectory Deployment of web application directory [C:\Алексей\Транзит\2024\07_июль\01_июля\ТомКат\apache-tomcat-9.0.90\apache-tomcat-9.0.90\webapps\host-manager] has finished in [72] ms
03-Jul-2024 23:11:41.939 INFO [main] org.apache.catalina.startup.HostConfig.deployDirectory Установка веб приложения в папку [C:\Алексей\Транзит\2024\07_июль\01_июля\ТомКат\apache-tomcat-9.0.90\apache-tomcat-9.0.90\webapps\manager]
03-Jul-2024 23:11:42.001 INFO [main] org.apache.catalina.startup.HostConfig.deployDirectory Deployment of web application directory [C:\Алексей\Транзит\2024\07_июль\01_июля\ТомКат\apache-tomcat-9.0.90\apache-tomcat-9.0.90\webapps\manager] has finished in [63] ms
03-Jul-2024 23:11:42.001 INFO [main] org.apache.catalina.startup.HostConfig.deployDirectory Установка веб приложения в папку [C:\Алексей\Транзит\2024\07_июль\01_июля\ТомКат\apache-tomcat-9.0.90\apache-tomcat-9.0.90\webapps\ROOT]
03-Jul-2024 23:11:42.039 INFO [main] org.apache.catalina.startup.HostConfig.deployDirectory Deployment of web application directory [C:\Алексей\Транзит\2024\07_июль\01_июля\ТомКат\apache-tomcat-9.0.90\apache-tomcat-9.0.90\webapps\ROOT] has finished in [38] ms
03-Jul-2024 23:11:42.045 INFO [main] org.apache.coyote.AbstractProtocol.start Starting ProtocolHandler ["http-nio-8080"]
03-Jul-2024 23:11:42.093 INFO [main] org.apache.catalina.startup.Catalina.start Server startup in [1356] milliseconds
03-Jul-2024 23:12:03.632 INFO [main] org.apache.catalina.core.StandardServer.await A valid shutdown command was received via the shutdown port. Stopping the Server instance.
03-Jul-2024 23:12:03.633 INFO [main] org.apache.coyote.AbstractProtocol.pause Pausing ProtocolHandler ["http-nio-8080"]
03-Jul-2024 23:12:03.647 INFO [main] org.apache.catalina.core.StandardService.stopInternal Stopping service [Catalina]
03-Jul-2024 23:12:03.670 INFO [main] org.apache.coyote.AbstractProtocol.stop Stopping ProtocolHandler ["http-nio-8080"]
03-Jul-2024 23:12:03.674 INFO [main] org.apache.coyote.AbstractProtocol.destroy Destroying ProtocolHandler ["http-nio-8080"]
03-Jul-2024 23:12:07.173 INFO [main] org.apache.catalina.startup.VersionLoggerListener.log Имя версии сервера:    Apache Tomcat/9.0.90
03-Jul-2024 23:12:07.176 INFO [main] org.apache.catalina.startup.VersionLoggerListener.log Сервер собран:         Jun 14 2024 14:45:13 UTC
03-Jul-2024 23:12:07.177 INFO [main] org.apache.catalina.startup.VersionLoggerListener.log Номер версии сервера:  9.0.90.0
03-Jul-2024 23:12:07.177 INFO [main] org.apache.catalina.startup.VersionLoggerListener.log OS Name:               Windows 10
03-Jul-2024 23:12:07.177 INFO [main] org.apache.catalina.startup.VersionLoggerListener.log Версия ОС:             10.0
03-Jul-2024 23:12:07.177 INFO [main] org.apache.catalina.startup.VersionLoggerListener.log Архитектура:           amd64
03-Jul-2024 23:12:07.177 INFO [main] org.apache.catalina.startup.VersionLoggerListener.log Java Home:             C:\Program Files\Java\jdk-14.0.1\jdk-14.0.1
03-Jul-2024 23:12:07.177 INFO [main] org.apache.catalina.startup.VersionLoggerListener.log Версия JVM:            14.0.1+7
03-Jul-2024 23:12:07.177 INFO [main] org.apache.catalina.startup.VersionLoggerListener.log Производитель JVM:     Oracle Corporation
03-Jul-2024 23:12:07.178 INFO [main] org.apache.catalina.startup.VersionLoggerListener.log CATALINA_BASE:         C:\Алексей\Транзит\2024\07_июль\01_июля\ТомКат\apache-tomcat-9.0.90\apache-tomcat-9.0.90
03-Jul-2024 23:12:07.178 INFO [main] org.apache.catalina.startup.VersionLoggerListener.log CATALINA_HOME:         C:\Алексей\Транзит\2024\07_июль\01_июля\ТомКат\apache-tomcat-9.0.90\apache-tomcat-9.0.90
03-Jul-2024 23:12:07.191 INFO [main] org.apache.catalina.startup.VersionLoggerListener.log Command line argument: --add-opens=java.base/java.lang=ALL-UNNAMED
03-Jul-2024 23:12:07.192 INFO [main] org.apache.catalina.startup.VersionLoggerListener.log Command line argument: --add-opens=java.base/java.io=ALL-UNNAMED
03-Jul-2024 23:12:07.192 INFO [main] org.apache.catalina.startup.VersionLoggerListener.log Command line argument: --add-opens=java.base/java.util=ALL-UNNAMED
03-Jul-2024 23:12:07.192 INFO [main] org.apache.catalina.startup.VersionLoggerListener.log Command line argument: --add-opens=java.base/java.util.concurrent=ALL-UNNAMED
03-Jul-2024 23:12:07.192 INFO [main] org.apache.catalina.startup.VersionLoggerListener.log Command line argument: --add-opens=java.rmi/sun.rmi.transport=ALL-UNNAMED
03-Jul-2024 23:12:07.192 INFO [main] org.apache.catalina.startup.VersionLoggerListener.log Command line argument: -Djava.util.logging.config.file=C:\Алексей\Транзит\2024\07_июль\01_июля\ТомКат\apache-tomcat-9.0.90\apache-tomcat-9.0.90\conf\logging.properties
03-Jul-2024 23:12:07.193 INFO [main] org.apache.catalina.startup.VersionLoggerListener.log Command line argument: -Djava.util.logging.manager=org.apache.juli.ClassLoaderLogManager
03-Jul-2024 23:12:07.193 INFO [main] org.apache.catalina.startup.VersionLoggerListener.log Command line argument: -Dhttp.nonProxyHosts=localhost|127.0.0.1|DESKTOP-TRIMQ20
03-Jul-2024 23:12:07.193 INFO [main] org.apache.catalina.startup.VersionLoggerListener.log Command line argument: -Djdk.tls.ephemeralDHKeySize=2048
03-Jul-2024 23:12:07.193 INFO [main] org.apache.catalina.startup.VersionLoggerListener.log Command line argument: -Djava.protocol.handler.pkgs=org.apache.catalina.webresources
03-Jul-2024 23:12:07.193 INFO [main] org.apache.catalina.startup.VersionLoggerListener.log Command line argument: -Dignore.endorsed.dirs=
03-Jul-2024 23:12:07.193 INFO [main] org.apache.catalina.startup.VersionLoggerListener.log Command line argument: -Dcatalina.base=C:\Алексей\Транзит\2024\07_июль\01_июля\ТомКат\apache-tomcat-9.0.90\apache-tomcat-9.0.90
03-Jul-2024 23:12:07.193 INFO [main] org.apache.catalina.startup.VersionLoggerListener.log Command line argument: -Dcatalina.home=C:\Алексей\Транзит\2024\07_июль\01_июля\ТомКат\apache-tomcat-9.0.90\apache-tomcat-9.0.90
03-Jul-2024 23:12:07.260 INFO [main] org.apache.catalina.startup.VersionLoggerListener.log Command line argument: -Djava.io.tmpdir=C:\Алексей\Транзит\2024\07_июль\01_июля\ТомКат\apache-tomcat-9.0.90\apache-tomcat-9.0.90\temp
03-Jul-2024 23:12:07.270 INFO [main] org.apache.catalina.core.AprLifecycleListener.lifecycleEvent The Apache Tomcat Native library which allows using OpenSSL was not found on the java.library.path: [C:\Program Files\Java\jdk-14.0.1\jdk-14.0.1\bin;C:\Windows\Sun\Java\bin;C:\Windows\system32;C:\Windows;C:\Program Files\Common Files\Oracle\Java\javapath;C:\Windows\system32;C:\Windows;C:\Windows\System32\Wbem;C:\Windows\System32\WindowsPowerShell\v1.0\;C:\Windows\System32\OpenSSH\;C:\Program Files\Java\jdk-20\bin;C:\Program Files\MySQL\MySQL Shell 8.0\bin\;C:\Users\user\AppData\Local\Microsoft\WindowsApps;;C:\Program Files\JetBrains\IntelliJ IDEA 2023.1.1\bin;;C:\Program Files\JetBrains\PyCharm 2023.1.2\bin;;C:\Program Files\JetBrains\PhpStorm 2023.3.2\bin;;.]
03-Jul-2024 23:12:07.623 INFO [main] org.apache.coyote.AbstractProtocol.init Инициализация ProtocolHandler ["http-nio-8080"]
03-Jul-2024 23:12:07.651 INFO [main] org.apache.catalina.startup.Catalina.load Server initialization in [752] milliseconds
03-Jul-2024 23:12:07.702 INFO [main] org.apache.catalina.core.StandardService.startInternal Starting service [Catalina]
03-Jul-2024 23:12:07.702 INFO [main] org.apache.catalina.core.StandardEngine.startInternal Starting Servlet engine: [Apache Tomcat/9.0.90]
03-Jul-2024 23:12:07.714 INFO [main] org.apache.catalina.startup.HostConfig.deployDirectory Установка веб приложения в папку [C:\Алексей\Транзит\2024\07_июль\01_июля\ТомКат\apache-tomcat-9.0.90\apache-tomcat-9.0.90\webapps\docs]
03-Jul-2024 23:12:08.106 INFO [main] org.apache.catalina.startup.HostConfig.deployDirectory Deployment of web application directory [C:\Алексей\Транзит\2024\07_июль\01_июля\ТомКат\apache-tomcat-9.0.90\apache-tomcat-9.0.90\webapps\docs] has finished in [389] ms
03-Jul-2024 23:12:08.106 INFO [main] org.apache.catalina.startup.HostConfig.deployDirectory Установка веб приложения в папку [C:\Алексей\Транзит\2024\07_июль\01_июля\ТомКат\apache-tomcat-9.0.90\apache-tomcat-9.0.90\webapps\examples]
03-Jul-2024 23:12:08.751 INFO [main] org.apache.catalina.startup.HostConfig.deployDirectory Deployment of web application directory [C:\Алексей\Транзит\2024\07_июль\01_июля\ТомКат\apache-tomcat-9.0.90\apache-tomcat-9.0.90\webapps\examples] has finished in [645] ms
03-Jul-2024 23:12:08.752 INFO [main] org.apache.catalina.startup.HostConfig.deployDirectory Установка веб приложения в папку [C:\Алексей\Транзит\2024\07_июль\01_июля\ТомКат\apache-tomcat-9.0.90\apache-tomcat-9.0.90\webapps\host-manager]
03-Jul-2024 23:12:08.813 INFO [main] org.apache.catalina.startup.HostConfig.deployDirectory Deployment of web application directory [C:\Алексей\Транзит\2024\07_июль\01_июля\ТомКат\apache-tomcat-9.0.90\apache-tomcat-9.0.90\webapps\host-manager] has finished in [62] ms
03-Jul-2024 23:12:08.813 INFO [main] org.apache.catalina.startup.HostConfig.deployDirectory Установка веб приложения в папку [C:\Алексей\Транзит\2024\07_июль\01_июля\ТомКат\apache-tomcat-9.0.90\apache-tomcat-9.0.90\webapps\manager]
03-Jul-2024 23:12:08.869 INFO [main] org.apache.catalina.startup.HostConfig.deployDirectory Deployment of web application directory [C:\Алексей\Транзит\2024\07_июль\01_июля\ТомКат\apache-tomcat-9.0.90\apache-tomcat-9.0.90\webapps\manager] has finished in [55] ms
03-Jul-2024 23:12:08.869 INFO [main] org.apache.catalina.startup.HostConfig.deployDirectory Установка веб приложения в папку [C:\Алексей\Транзит\2024\07_июль\01_июля\ТомКат\apache-tomcat-9.0.90\apache-tomcat-9.0.90\webapps\ROOT]
03-Jul-2024 23:12:08.904 INFO [main] org.apache.catalina.startup.HostConfig.deployDirectory Deployment of web application directory [C:\Алексей\Транзит\2024\07_июль\01_июля\ТомКат\apache-tomcat-9.0.90\apache-tomcat-9.0.90\webapps\ROOT] has finished in [34] ms
03-Jul-2024 23:12:08.909 INFO [main] org.apache.coyote.AbstractProtocol.start Starting ProtocolHandler ["http-nio-8080"]
03-Jul-2024 23:12:08.956 INFO [main] org.apache.catalina.startup.Catalina.start Server startup in [1304] milliseconds
03-Jul-2024 23:13:20.020 INFO [main] org.apache.catalina.core.StandardServer.await A valid shutdown command was received via the shutdown port. Stopping the Server instance.
03-Jul-2024 23:13:20.021 INFO [main] org.apache.coyote.AbstractProtocol.pause Pausing ProtocolHandler ["http-nio-8080"]
03-Jul-2024 23:13:20.036 INFO [main] org.apache.catalina.core.StandardService.stopInternal Stopping service [Catalina]
03-Jul-2024 23:13:20.071 INFO [main] org.apache.coyote.AbstractProtocol.stop Stopping ProtocolHandler ["http-nio-8080"]
03-Jul-2024 23:13:20.076 INFO [main] org.apache.coyote.AbstractProtocol.destroy Destroying ProtocolHandler ["http-nio-8080"]
03-Jul-2024 23:15:17.559 INFO [main] org.apache.catalina.startup.VersionLoggerListener.log Имя версии сервера:    Apache Tomcat/9.0.90
03-Jul-2024 23:15:17.564 INFO [main] org.apache.catalina.startup.VersionLoggerListener.log Сервер собран:         Jun 14 2024 14:45:13 UTC
03-Jul-2024 23:15:17.564 INFO [main] org.apache.catalina.startup.VersionLoggerListener.log Номер версии сервера:  9.0.90.0
03-Jul-2024 23:15:17.564 INFO [main] org.apache.catalina.startup.VersionLoggerListener.log OS Name:               Windows 10
03-Jul-2024 23:15:17.564 INFO [main] org.apache.catalina.startup.VersionLoggerListener.log Версия ОС:             10.0
03-Jul-2024 23:15:17.564 INFO [main] org.apache.catalina.startup.VersionLoggerListener.log Архитектура:           amd64
03-Jul-2024 23:15:17.564 INFO [main] org.apache.catalina.startup.VersionLoggerListener.log Java Home:             C:\Program Files\Java\jdk-14.0.1\jdk-14.0.1
03-Jul-2024 23:15:17.564 INFO [main] org.apache.catalina.startup.VersionLoggerListener.log Версия JVM:            14.0.1+7
03-Jul-2024 23:15:17.565 INFO [main] org.apache.catalina.startup.VersionLoggerListener.log Производитель JVM:     Oracle Corporation
03-Jul-2024 23:15:17.565 INFO [main] org.apache.catalina.startup.VersionLoggerListener.log CATALINA_BASE:         C:\Алексей\Транзит\2024\07_июль\01_июля\ТомКат\apache-tomcat-9.0.90\apache-tomcat-9.0.90
03-Jul-2024 23:15:17.565 INFO [main] org.apache.catalina.startup.VersionLoggerListener.log CATALINA_HOME:         C:\Алексей\Транзит\2024\07_июль\01_июля\ТомКат\apache-tomcat-9.0.90\apache-tomcat-9.0.90
03-Jul-2024 23:15:17.578 INFO [main] org.apache.catalina.startup.VersionLoggerListener.log Command line argument: --add-opens=java.base/java.lang=ALL-UNNAMED
03-Jul-2024 23:15:17.578 INFO [main] org.apache.catalina.startup.VersionLoggerListener.log Command line argument: --add-opens=java.base/java.io=ALL-UNNAMED
03-Jul-2024 23:15:17.579 INFO [main] org.apache.catalina.startup.VersionLoggerListener.log Command line argument: --add-opens=java.base/java.util=ALL-UNNAMED
03-Jul-2024 23:15:17.579 INFO [main] org.apache.catalina.startup.VersionLoggerListener.log Command line argument: --add-opens=java.base/java.util.concurrent=ALL-UNNAMED
03-Jul-2024 23:15:17.579 INFO [main] org.apache.catalina.startup.VersionLoggerListener.log Command line argument: --add-opens=java.rmi/sun.rmi.transport=ALL-UNNAMED
03-Jul-2024 23:15:17.579 INFO [main] org.apache.catalina.startup.VersionLoggerListener.log Command line argument: -Djava.util.logging.config.file=C:\Алексей\Транзит\2024\07_июль\01_июля\ТомКат\apache-tomcat-9.0.90\apache-tomcat-9.0.90\conf\logging.properties
03-Jul-2024 23:15:17.579 INFO [main] org.apache.catalina.startup.VersionLoggerListener.log Command line argument: -Djava.util.logging.manager=org.apache.juli.ClassLoaderLogManager
03-Jul-2024 23:15:17.579 INFO [main] org.apache.catalina.startup.VersionLoggerListener.log Command line argument: -Dhttp.nonProxyHosts=localhost|127.0.0.1|DESKTOP-TRIMQ20
03-Jul-2024 23:15:17.580 INFO [main] org.apache.catalina.startup.VersionLoggerListener.log Command line argument: -Djdk.tls.ephemeralDHKeySize=2048
03-Jul-2024 23:15:17.580 INFO [main] org.apache.catalina.startup.VersionLoggerListener.log Command line argument: -Djava.protocol.handler.pkgs=org.apache.catalina.webresources
03-Jul-2024 23:15:17.580 INFO [main] org.apache.catalina.startup.VersionLoggerListener.log Command line argument: -Dignore.endorsed.dirs=
03-Jul-2024 23:15:17.580 INFO [main] org.apache.catalina.startup.VersionLoggerListener.log Command line argument: -Dcatalina.base=C:\Алексей\Транзит\2024\07_июль\01_июля\ТомКат\apache-tomcat-9.0.90\apache-tomcat-9.0.90
03-Jul-2024 23:15:17.580 INFO [main] org.apache.catalina.startup.VersionLoggerListener.log Command line argument: -Dcatalina.home=C:\Алексей\Транзит\2024\07_июль\01_июля\ТомКат\apache-tomcat-9.0.90\apache-tomcat-9.0.90
03-Jul-2024 23:15:17.630 INFO [main] org.apache.catalina.startup.VersionLoggerListener.log Command line argument: -Djava.io.tmpdir=C:\Алексей\Транзит\2024\07_июль\01_июля\ТомКат\apache-tomcat-9.0.90\apache-tomcat-9.0.90\temp
03-Jul-2024 23:15:17.644 INFO [main] org.apache.catalina.core.AprLifecycleListener.lifecycleEvent The Apache Tomcat Native library which allows using OpenSSL was not found on the java.library.path: [C:\Program Files\Java\jdk-14.0.1\jdk-14.0.1\bin;C:\Windows\Sun\Java\bin;C:\Windows\system32;C:\Windows;C:\Program Files\Common Files\Oracle\Java\javapath;C:\Windows\system32;C:\Windows;C:\Windows\System32\Wbem;C:\Windows\System32\WindowsPowerShell\v1.0\;C:\Windows\System32\OpenSSH\;C:\Program Files\Java\jdk-20\bin;C:\Program Files\MySQL\MySQL Shell 8.0\bin\;C:\Users\user\AppData\Local\Microsoft\WindowsApps;;C:\Program Files\JetBrains\IntelliJ IDEA 2023.1.1\bin;;C:\Program Files\JetBrains\PyCharm 2023.1.2\bin;;C:\Program Files\JetBrains\PhpStorm 2023.3.2\bin;;.]
03-Jul-2024 23:15:17.978 INFO [main] org.apache.coyote.AbstractProtocol.init Инициализация ProtocolHandler ["http-nio-8080"]
03-Jul-2024 23:15:18.014 INFO [main] org.apache.catalina.startup.Catalina.load Server initialization in [736] milliseconds
03-Jul-2024 23:15:18.082 INFO [main] org.apache.catalina.core.StandardService.startInternal Starting service [Catalina]
03-Jul-2024 23:15:18.082 INFO [main] org.apache.catalina.core.StandardEngine.startInternal Starting Servlet engine: [Apache Tomcat/9.0.90]
03-Jul-2024 23:15:18.095 INFO [main] org.apache.catalina.startup.HostConfig.deployDirectory Установка веб приложения в папку [C:\Алексей\Транзит\2024\07_июль\01_июля\ТомКат\apache-tomcat-9.0.90\apache-tomcat-9.0.90\webapps\docs]
03-Jul-2024 23:15:18.492 INFO [main] org.apache.catalina.startup.HostConfig.deployDirectory Deployment of web application directory [C:\Алексей\Транзит\2024\07_июль\01_июля\ТомКат\apache-tomcat-9.0.90\apache-tomcat-9.0.90\webapps\docs] has finished in [395] ms
03-Jul-2024 23:15:18.493 INFO [main] org.apache.catalina.startup.HostConfig.deployDirectory Установка веб приложения в папку [C:\Алексей\Транзит\2024\07_июль\01_июля\ТомКат\apache-tomcat-9.0.90\apache-tomcat-9.0.90\webapps\examples]
03-Jul-2024 23:15:19.083 INFO [main] org.apache.catalina.startup.HostConfig.deployDirectory Deployment of web application directory [C:\Алексей\Транзит\2024\07_июль\01_июля\ТомКат\apache-tomcat-9.0.90\apache-tomcat-9.0.90\webapps\examples] has finished in [590] ms
03-Jul-2024 23:15:19.084 INFO [main] org.apache.catalina.startup.HostConfig.deployDirectory Установка веб приложения в папку [C:\Алексей\Транзит\2024\07_июль\01_июля\ТомКат\apache-tomcat-9.0.90\apache-tomcat-9.0.90\webapps\host-manager]
03-Jul-2024 23:15:19.147 INFO [main] org.apache.catalina.startup.HostConfig.deployDirectory Deployment of web application directory [C:\Алексей\Транзит\2024\07_июль\01_июля\ТомКат\apache-tomcat-9.0.90\apache-tomcat-9.0.90\webapps\host-manager] has finished in [62] ms
03-Jul-2024 23:15:19.147 INFO [main] org.apache.catalina.startup.HostConfig.deployDirectory Установка веб приложения в папку [C:\Алексей\Транзит\2024\07_июль\01_июля\ТомКат\apache-tomcat-9.0.90\apache-tomcat-9.0.90\webapps\manager]
03-Jul-2024 23:15:19.208 INFO [main] org.apache.catalina.startup.HostConfig.deployDirectory Deployment of web application directory [C:\Алексей\Транзит\2024\07_июль\01_июля\ТомКат\apache-tomcat-9.0.90\apache-tomcat-9.0.90\webapps\manager] has finished in [61] ms
03-Jul-2024 23:15:19.209 INFO [main] org.apache.catalina.startup.HostConfig.deployDirectory Установка веб приложения в папку [C:\Алексей\Транзит\2024\07_июль\01_июля\ТомКат\apache-tomcat-9.0.90\apache-tomcat-9.0.90\webapps\ROOT]
03-Jul-2024 23:15:19.255 INFO [main] org.apache.catalina.startup.HostConfig.deployDirectory Deployment of web application directory [C:\Алексей\Транзит\2024\07_июль\01_июля\ТомКат\apache-tomcat-9.0.90\apache-tomcat-9.0.90\webapps\ROOT] has finished in [45] ms
03-Jul-2024 23:15:19.261 INFO [main] org.apache.coyote.AbstractProtocol.start Starting ProtocolHandler ["http-nio-8080"]
03-Jul-2024 23:15:19.316 INFO [main] org.apache.catalina.startup.Catalina.start Server startup in [1300] milliseconds
03-Jul-2024 23:23:50.825 INFO [main] org.apache.catalina.core.StandardServer.await A valid shutdown command was received via the shutdown port. Stopping the Server instance.
03-Jul-2024 23:23:50.826 INFO [main] org.apache.coyote.AbstractProtocol.pause Pausing ProtocolHandler ["http-nio-8080"]
03-Jul-2024 23:23:50.842 INFO [main] org.apache.catalina.core.StandardService.stopInternal Stopping service [Catalina]
03-Jul-2024 23:23:50.866 INFO [main] org.apache.coyote.AbstractProtocol.stop Stopping ProtocolHandler ["http-nio-8080"]
03-Jul-2024 23:23:50.879 INFO [main] org.apache.coyote.AbstractProtocol.destroy Destroying ProtocolHandler ["http-nio-8080"]
03-Jul-2024 23:25:56.940 INFO [main] org.apache.catalina.startup.VersionLoggerListener.log Имя версии сервера:    Apache Tomcat/9.0.90
03-Jul-2024 23:25:56.944 INFO [main] org.apache.catalina.startup.VersionLoggerListener.log Сервер собран:         Jun 14 2024 14:45:13 UTC
03-Jul-2024 23:25:56.944 INFO [main] org.apache.catalina.startup.VersionLoggerListener.log Номер версии сервера:  9.0.90.0
03-Jul-2024 23:25:56.944 INFO [main] org.apache.catalina.startup.VersionLoggerListener.log OS Name:               Windows 10
03-Jul-2024 23:25:56.944 INFO [main] org.apache.catalina.startup.VersionLoggerListener.log Версия ОС:             10.0
03-Jul-2024 23:25:56.945 INFO [main] org.apache.catalina.startup.VersionLoggerListener.log Архитектура:           amd64
03-Jul-2024 23:25:56.945 INFO [main] org.apache.catalina.startup.VersionLoggerListener.log Java Home:             C:\Program Files\Java\jdk-14.0.1\jdk-14.0.1
03-Jul-2024 23:25:56.945 INFO [main] org.apache.catalina.startup.VersionLoggerListener.log Версия JVM:            14.0.1+7
03-Jul-2024 23:25:56.945 INFO [main] org.apache.catalina.startup.VersionLoggerListener.log Производитель JVM:     Oracle Corporation
03-Jul-2024 23:25:56.945 INFO [main] org.apache.catalina.startup.VersionLoggerListener.log CATALINA_BASE:         C:\Алексей\Транзит\2024\07_июль\01_июля\ТомКат\apache-tomcat-9.0.90\apache-tomcat-9.0.90
03-Jul-2024 23:25:56.945 INFO [main] org.apache.catalina.startup.VersionLoggerListener.log CATALINA_HOME:         C:\Алексей\Транзит\2024\07_июль\01_июля\ТомКат\apache-tomcat-9.0.90\apache-tomcat-9.0.90
03-Jul-2024 23:25:56.960 INFO [main] org.apache.catalina.startup.VersionLoggerListener.log Command line argument: --add-opens=java.base/java.lang=ALL-UNNAMED
03-Jul-2024 23:25:56.960 INFO [main] org.apache.catalina.startup.VersionLoggerListener.log Command line argument: --add-opens=java.base/java.io=ALL-UNNAMED
03-Jul-2024 23:25:56.960 INFO [main] org.apache.catalina.startup.VersionLoggerListener.log Command line argument: --add-opens=java.base/java.util=ALL-UNNAMED
03-Jul-2024 23:25:56.960 INFO [main] org.apache.catalina.startup.VersionLoggerListener.log Command line argument: --add-opens=java.base/java.util.concurrent=ALL-UNNAMED
03-Jul-2024 23:25:56.960 INFO [main] org.apache.catalina.startup.VersionLoggerListener.log Command line argument: --add-opens=java.rmi/sun.rmi.transport=ALL-UNNAMED
03-Jul-2024 23:25:56.961 INFO [main] org.apache.catalina.startup.VersionLoggerListener.log Command line argument: -Djava.util.logging.config.file=C:\Алексей\Транзит\2024\07_июль\01_июля\ТомКат\apache-tomcat-9.0.90\apache-tomcat-9.0.90\conf\logging.properties
03-Jul-2024 23:25:56.961 INFO [main] org.apache.catalina.startup.VersionLoggerListener.log Command line argument: -Djava.util.logging.manager=org.apache.juli.ClassLoaderLogManager
03-Jul-2024 23:25:56.961 INFO [main] org.apache.catalina.startup.VersionLoggerListener.log Command line argument: -Dhttp.nonProxyHosts=localhost|127.0.0.1|DESKTOP-TRIMQ20
03-Jul-2024 23:25:56.961 INFO [main] org.apache.catalina.startup.VersionLoggerListener.log Command line argument: -Djdk.tls.ephemeralDHKeySize=2048
03-Jul-2024 23:25:56.961 INFO [main] org.apache.catalina.startup.VersionLoggerListener.log Command line argument: -Djava.protocol.handler.pkgs=org.apache.catalina.webresources
03-Jul-2024 23:25:56.961 INFO [main] org.apache.catalina.startup.VersionLoggerListener.log Command line argument: -Dignore.endorsed.dirs=
03-Jul-2024 23:25:56.961 INFO [main] org.apache.catalina.startup.VersionLoggerListener.log Command line argument: -Dcatalina.base=C:\Алексей\Транзит\2024\07_июль\01_июля\ТомКат\apache-tomcat-9.0.90\apache-tomcat-9.0.90
03-Jul-2024 23:25:56.962 INFO [main] org.apache.catalina.startup.VersionLoggerListener.log Command line argument: -Dcatalina.home=C:\Алексей\Транзит\2024\07_июль\01_июля\ТомКат\apache-tomcat-9.0.90\apache-tomcat-9.0.90
03-Jul-2024 23:25:57.039 INFO [main] org.apache.catalina.startup.VersionLoggerListener.log Command line argument: -Djava.io.tmpdir=C:\Алексей\Транзит\2024\07_июль\01_июля\ТомКат\apache-tomcat-9.0.90\apache-tomcat-9.0.90\temp
03-Jul-2024 23:25:57.049 INFO [main] org.apache.catalina.core.AprLifecycleListener.lifecycleEvent The Apache Tomcat Native library which allows using OpenSSL was not found on the java.library.path: [C:\Program Files\Java\jdk-14.0.1\jdk-14.0.1\bin;C:\Windows\Sun\Java\bin;C:\Windows\system32;C:\Windows;C:\Program Files\Common Files\Oracle\Java\javapath;C:\Windows\system32;C:\Windows;C:\Windows\System32\Wbem;C:\Windows\System32\WindowsPowerShell\v1.0\;C:\Windows\System32\OpenSSH\;C:\Program Files\Java\jdk-20\bin;C:\Program Files\MySQL\MySQL Shell 8.0\bin\;C:\Users\user\AppData\Local\Microsoft\WindowsApps;;C:\Program Files\JetBrains\IntelliJ IDEA 2023.1.1\bin;;C:\Program Files\JetBrains\PyCharm 2023.1.2\bin;;C:\Program Files\JetBrains\PhpStorm 2023.3.2\bin;;.]
03-Jul-2024 23:25:57.399 INFO [main] org.apache.coyote.AbstractProtocol.init Инициализация ProtocolHandler ["http-nio-8080"]
03-Jul-2024 23:25:57.432 INFO [main] org.apache.catalina.startup.Catalina.load Server initialization in [738] milliseconds
03-Jul-2024 23:25:57.490 INFO [main] org.apache.catalina.core.StandardService.startInternal Starting service [Catalina]
03-Jul-2024 23:25:57.490 INFO [main] org.apache.catalina.core.StandardEngine.startInternal Starting Servlet engine: [Apache Tomcat/9.0.90]
03-Jul-2024 23:25:57.502 INFO [main] org.apache.catalina.startup.HostConfig.deployDirectory Установка веб приложения в папку [C:\Алексей\Транзит\2024\07_июль\01_июля\ТомКат\apache-tomcat-9.0.90\apache-tomcat-9.0.90\webapps\docs]
03-Jul-2024 23:25:57.940 INFO [main] org.apache.catalina.startup.HostConfig.deployDirectory Deployment of web application directory [C:\Алексей\Транзит\2024\07_июль\01_июля\ТомКат\apache-tomcat-9.0.90\apache-tomcat-9.0.90\webapps\docs] has finished in [435] ms
03-Jul-2024 23:25:57.940 INFO [main] org.apache.catalina.startup.HostConfig.deployDirectory Установка веб приложения в папку [C:\Алексей\Транзит\2024\07_июль\01_июля\ТомКат\apache-tomcat-9.0.90\apache-tomcat-9.0.90\webapps\examples]
03-Jul-2024 23:25:58.595 INFO [main] org.apache.catalina.startup.HostConfig.deployDirectory Deployment of web application directory [C:\Алексей\Транзит\2024\07_июль\01_июля\ТомКат\apache-tomcat-9.0.90\apache-tomcat-9.0.90\webapps\examples] has finished in [654] ms
03-Jul-2024 23:25:58.595 INFO [main] org.apache.catalina.startup.HostConfig.deployDirectory Установка веб приложения в папку [C:\Алексей\Транзит\2024\07_июль\01_июля\ТомКат\apache-tomcat-9.0.90\apache-tomcat-9.0.90\webapps\host-manager]
03-Jul-2024 23:25:58.667 INFO [main] org.apache.catalina.startup.HostConfig.deployDirectory Deployment of web application directory [C:\Алексей\Транзит\2024\07_июль\01_июля\ТомКат\apache-tomcat-9.0.90\apache-tomcat-9.0.90\webapps\host-manager] has finished in [72] ms
03-Jul-2024 23:25:58.668 INFO [main] org.apache.catalina.startup.HostConfig.deployDirectory Установка веб приложения в папку [C:\Алексей\Транзит\2024\07_июль\01_июля\ТомКат\apache-tomcat-9.0.90\apache-tomcat-9.0.90\webapps\manager]
03-Jul-2024 23:25:58.727 INFO [main] org.apache.catalina.startup.HostConfig.deployDirectory Deployment of web application directory [C:\Алексей\Транзит\2024\07_июль\01_июля\ТомКат\apache-tomcat-9.0.90\apache-tomcat-9.0.90\webapps\manager] has finished in [58] ms
03-Jul-2024 23:25:58.727 INFO [main] org.apache.catalina.startup.HostConfig.deployDirectory Установка веб приложения в папку [C:\Алексей\Транзит\2024\07_июль\01_июля\ТомКат\apache-tomcat-9.0.90\apache-tomcat-9.0.90\webapps\ROOT]
03-Jul-2024 23:25:58.762 INFO [main] org.apache.catalina.startup.HostConfig.deployDirectory Deployment of web application directory [C:\Алексей\Транзит\2024\07_июль\01_июля\ТомКат\apache-tomcat-9.0.90\apache-tomcat-9.0.90\webapps\ROOT] has finished in [35] ms
03-Jul-2024 23:25:58.768 INFO [main] org.apache.coyote.AbstractProtocol.start Starting ProtocolHandler ["http-nio-8080"]
03-Jul-2024 23:25:58.821 INFO [main] org.apache.catalina.startup.Catalina.start Server startup in [1389] milliseconds
03-Jul-2024 23:31:12.144 INFO [main] org.apache.catalina.core.StandardServer.await A valid shutdown command was received via the shutdown port. Stopping the Server instance.
03-Jul-2024 23:31:12.145 INFO [main] org.apache.coyote.AbstractProtocol.pause Pausing ProtocolHandler ["http-nio-8080"]
03-Jul-2024 23:31:12.160 INFO [main] org.apache.catalina.core.StandardService.stopInternal Stopping service [Catalina]
03-Jul-2024 23:31:12.186 INFO [main] org.apache.coyote.AbstractProtocol.stop Stopping ProtocolHandler ["http-nio-8080"]
03-Jul-2024 23:31:12.192 INFO [main] org.apache.coyote.AbstractProtocol.destroy Destroying ProtocolHandler ["http-nio-8080"]
